Using pre-set license
Built from '2022.3/staging' branch; Version is '2022.3.22f1 (887be4894c44) revision 8944612'; Using compiler version '192829333'; Build Type 'Release'
OS: 'Windows 11  (10.0.26100) 64bit Core' Language: 'ja' Physical Memory: 32643 MB
BatchMode: 1, IsHumanControllingUs: 0, StartBugReporterOnCrash: 0, Is64bit: 1, IsPro: 1

COMMAND LINE ARGUMENTS:
D:\2022.3.22f1\Editor\Unity.exe
-adb2
-batchMode
-noUpm
-name
AssetImportWorker4
-projectPath
C:/Users/aoitu/Documents/world共同開発/年越し用ワールド
-logFile
Logs/AssetImportWorker4.log
-srvPort
50210
Successfully changed project path to: C:/Users/aoitu/Documents/world共同開発/年越し用ワールド
C:/Users/aoitu/Documents/world共同開発/年越し用ワールド
[UnityMemory] Configuration Parameters - Can be set up in boot.config
    "memorysetup-bucket-allocator-granularity=16"
    "memorysetup-bucket-allocator-bucket-count=8"
    "memorysetup-bucket-allocator-block-size=33554432"
    "memorysetup-bucket-allocator-block-count=8"
    "memorysetup-main-allocator-block-size=16777216"
    "memorysetup-thread-allocator-block-size=16777216"
    "memorysetup-gfx-main-allocator-block-size=16777216"
    "memorysetup-gfx-thread-allocator-block-size=16777216"
    "memorysetup-cache-allocator-block-size=4194304"
    "memorysetup-typetree-allocator-block-size=2097152"
    "memorysetup-profiler-bucket-allocator-granularity=16"
    "memorysetup-profiler-bucket-allocator-bucket-count=8"
    "memorysetup-profiler-bucket-allocator-block-size=33554432"
    "memorysetup-profiler-bucket-allocator-block-count=8"
    "memorysetup-profiler-allocator-block-size=16777216"
    "memorysetup-profiler-editor-allocator-block-size=1048576"
    "memorysetup-temp-allocator-size-main=16777216"
    "memorysetup-job-temp-allocator-block-size=2097152"
    "memorysetup-job-temp-allocator-block-size-background=1048576"
    "memorysetup-job-temp-allocator-reduction-small-platforms=262144"
    "memorysetup-allocator-temp-initial-block-size-main=262144"
    "memorysetup-allocator-temp-initial-block-size-worker=262144"
    "memorysetup-temp-allocator-size-background-worker=32768"
    "memorysetup-temp-allocator-size-job-worker=262144"
    "memorysetup-temp-allocator-size-preload-manager=33554432"
    "memorysetup-temp-allocator-size-nav-mesh-worker=65536"
    "memorysetup-temp-allocator-size-audio-worker=65536"
    "memorysetup-temp-allocator-size-cloud-worker=32768"
    "memorysetup-temp-allocator-size-gi-baking-worker=262144"
    "memorysetup-temp-allocator-size-gfx=262144"
Player connection [19768] Host "[IP] 192.168.3.101 [Port] 0 [Flags] 2 [Guid] 2123233247 [EditorId] 2123233247 [Version] 1048832 [Id] WindowsEditor(7,tsukitohonma) [Debug] 1 [PackageName] WindowsEditor [ProjectName] Editor" joined multi-casting on [225.0.0.222:54997]...

Player connection [19768] Host "[IP] 192.168.3.101 [Port] 0 [Flags] 2 [Guid] 2123233247 [EditorId] 2123233247 [Version] 1048832 [Id] WindowsEditor(7,tsukitohonma) [Debug] 1 [PackageName] WindowsEditor [ProjectName] Editor" joined alternative multi-casting on [225.0.0.222:34997]...

[Physics::Module] Initialized MultithreadedJobDispatcher with 11 workers.
Refreshing native plugins compatible for Editor in 83.99 ms, found 7 plugins.
Preloading 2 native plugins for Editor in 2.29 ms.
Initialize engine version: 2022.3.22f1 (887be4894c44)
[Subsystems] Discovering subsystems at path D:/2022.3.22f1/Editor/Data/Resources/UnitySubsystems
[Subsystems] Discovering subsystems at path C:/Users/aoitu/Documents/world共同開発/年越し用ワールド/Assets
GfxDevice: creating device client; threaded=0; jobified=0
Direct3D:
    Version:  Direct3D 11.0 [level 11.1]
    Renderer: NVIDIA GeForce RTX 4060 Ti (ID=0x2803)
    Vendor:   NVIDIA
    VRAM:     7949 MB
    Driver:   31.0.15.5161
Initialize mono
Mono path[0] = 'D:/2022.3.22f1/Editor/Data/Managed'
Mono path[1] = 'D:/2022.3.22f1/Editor/Data/MonoBleedingEdge/lib/mono/unityjit-win32'
Mono config path = 'D:/2022.3.22f1/Editor/Data/MonoBleedingEdge/etc'
Using monoOptions --debugger-agent=transport=dt_socket,embedding=1,server=y,suspend=n,address=127.0.0.1:56644
Begin MonoManager ReloadAssembly
Registering precompiled unity dll's ...
Register platform support module: D:/2022.3.22f1/Editor/Data/PlaybackEngines/AndroidPlayer/UnityEditor.Android.Extensions.dll
Register platform support module: D:/2022.3.22f1/Editor/Data/PlaybackEngines/WindowsStandaloneSupport/UnityEditor.WindowsStandalone.Extensions.dll
Registered in 0.005430 seconds.
- Loaded All Assemblies, in  0.395 seconds
Native extension for WindowsStandalone target not found
Native extension for Android target not found
Android Extension - Scanning For ADB Devices 653 ms
Mono: successfully reloaded assembly
- Finished resetting the current domain, in  1.015 seconds
Domain Reload Profiling: 1409ms
	BeginReloadAssembly (126ms)
		ExecutionOrderSort (0ms)
		DisableScriptedObjects (0ms)
		BackupInstance (0ms)
		ReleaseScriptingObjects (0ms)
		CreateAndSetChildDomain (1ms)
	RebuildCommonClasses (37ms)
	RebuildNativeTypeToScriptingClass (11ms)
	initialDomainReloadingComplete (54ms)
	LoadAllAssembliesAndSetupDomain (167ms)
		LoadAssemblies (128ms)
		RebuildTransferFunctionScriptingTraits (0ms)
		AnalyzeDomain (162ms)
			TypeCache.Refresh (160ms)
				TypeCache.ScanAssembly (145ms)
			ScanForSourceGeneratedMonoScriptInfo (0ms)
			ResolveRequiredComponents (1ms)
	FinalizeReload (1015ms)
		ReleaseScriptCaches (0ms)
		RebuildScriptCaches (0ms)
		SetupLoadedEditorAssemblies (951ms)
			LogAssemblyErrors (0ms)
			InitializePlatformSupportModulesInManaged (763ms)
			SetLoadedEditorAssemblies (4ms)
			RefreshPlugins (0ms)
			BeforeProcessingInitializeOnLoad (2ms)
			ProcessInitializeOnLoadAttributes (130ms)
			ProcessInitializeOnLoadMethodAttributes (52ms)
			AfterProcessingInitializeOnLoad (0ms)
			EditorAssembliesLoaded (0ms)
		ExecutionOrderSort2 (0ms)
		AwakeInstancesAfterBackupRestoration (0ms)
========================================================================
Worker process is ready to serve import requests
Begin MonoManager ReloadAssembly
Symbol file LoadedFromMemory is not a mono symbol file
- Loaded All Assemblies, in  1.145 seconds
Refreshing native plugins compatible for Editor in 29.40 ms, found 7 plugins.
Native extension for WindowsStandalone target not found
Native extension for Android target not found
Package Manager log level set to [2]
[Package Manager] Server::EnsureServerProcessIsRunning -- launch failed, reason: Unity was launched with the -noUpm command-line argument
[Package Manager] UpmClient::Send -- Unable to send message (not connected to UPM process).
[Package Manager] Cannot connect to Unity Package Manager local server
System.Reflection.TargetInvocationException: Exception has been thrown by the target of an invocation. ---> System.NullReferenceException: Object reference not set to an instance of an object
  at Unity.XR.Oculus.OculusLoader.AssetPathToAbsolutePath (System.String assetPath) [0x00040] in .\Library\PackageCache\com.unity.xr.oculus@4.2.0\Runtime\OculusLoader.cs:298 
  at Unity.XR.Oculus.OculusLoader.EditorLoadOVRPlugin () [0x0008c] in .\Library\PackageCache\com.unity.xr.oculus@4.2.0\Runtime\OculusLoader.cs:283 
  at (wrapper managed-to-native) System.Reflection.RuntimeMethodInfo.InternalInvoke(System.Reflection.RuntimeMethodInfo,object,object[],System.Exception&)
  at System.Reflection.RuntimeMethodInfo.Invoke (System.Object obj, System.Reflection.BindingFlags invokeAttr, System.Reflection.Binder binder, System.Object[] parameters, System.Globalization.CultureInfo culture) [0x0006a] in <27124aa0e30a41659b903b822b959bc7>:0 
   --- End of inner exception stack trace ---
  at System.Reflection.RuntimeMethodInfo.Invoke (System.Object obj, System.Reflection.BindingFlags invokeAttr, System.Reflection.Binder binder, System.Object[] parameters, System.Globalization.CultureInfo culture) [0x00083] in <27124aa0e30a41659b903b822b959bc7>:0 
  at System.Reflection.MethodBase.Invoke (System.Object obj, System.Object[] parameters) [0x00000] in <27124aa0e30a41659b903b822b959bc7>:0 
  at UnityEditor.EditorAssemblies.ProcessInitializeOnLoadMethodAttributes () [0x000a5] in <80a8ce1980c648dca8e68f0d8aa3b930>:0 
UnityEngine.StackTraceUtility:ExtractStackTrace ()
UnityEngine.DebugLogHandler:LogFormat (UnityEngine.LogType,UnityEngine.Object,string,object[])
UnityEngine.Logger:Log (UnityEngine.LogType,object)
UnityEngine.Debug:LogError (object)
UnityEditor.EditorAssemblies:ProcessInitializeOnLoadMethodAttributes ()

Mono: successfully reloaded assembly
[Package Manager] Server::EnsureServerProcessIsRunning -- launch failed, reason: Unity was launched with the -noUpm command-line argument
[Package Manager] UpmClient::Send -- Unable to send message (not connected to UPM process).
[Package Manager] Cannot connect to Unity Package Manager local server
[Package Manager] Server::EnsureServerProcessIsRunning -- launch failed, reason: Unity was launched with the -noUpm command-line argument
[Package Manager] UpmClient::Send -- Unable to send message (not connected to UPM process).
[Package Manager] Cannot connect to Unity Package Manager local server
- Finished resetting the current domain, in  4.742 seconds
Domain Reload Profiling: 5882ms
	BeginReloadAssembly (180ms)
		ExecutionOrderSort (0ms)
		DisableScriptedObjects (6ms)
		BackupInstance (0ms)
		ReleaseScriptingObjects (0ms)
		CreateAndSetChildDomain (22ms)
	RebuildCommonClasses (37ms)
	RebuildNativeTypeToScriptingClass (11ms)
	initialDomainReloadingComplete (57ms)
	LoadAllAssembliesAndSetupDomain (853ms)
		LoadAssemblies (616ms)
		RebuildTransferFunctionScriptingTraits (0ms)
		AnalyzeDomain (357ms)
			TypeCache.Refresh (317ms)
				TypeCache.ScanAssembly (290ms)
			ScanForSourceGeneratedMonoScriptInfo (26ms)
			ResolveRequiredComponents (10ms)
	FinalizeReload (4742ms)
		ReleaseScriptCaches (0ms)
		RebuildScriptCaches (0ms)
		SetupLoadedEditorAssemblies (3495ms)
			LogAssemblyErrors (0ms)
			InitializePlatformSupportModulesInManaged (24ms)
			SetLoadedEditorAssemblies (7ms)
			RefreshPlugins (0ms)
			BeforeProcessingInitializeOnLoad (93ms)
			ProcessInitializeOnLoadAttributes (2524ms)
			ProcessInitializeOnLoadMethodAttributes (846ms)
			AfterProcessingInitializeOnLoad (2ms)
			EditorAssembliesLoaded (0ms)
		ExecutionOrderSort2 (0ms)
		AwakeInstancesAfterBackupRestoration (10ms)
Launched and connected shader compiler UnityShaderCompiler.exe after 0.10 seconds
Refreshing native plugins compatible for Editor in 34.41 ms, found 7 plugins.
Preloading 2 native plugins for Editor in 0.23 ms.
Unloading 3659 Unused Serialized files (Serialized files now loaded: 0)
Unloading 193 unused Assets / (11.5 MB). Loaded Objects now: 4158.
Memory consumption went from 218.8 MB to 207.3 MB.
Total: 21.784400 ms (FindLiveObjects: 0.402000 ms CreateObjectMapping: 0.312300 ms MarkObjects: 17.709300 ms  DeleteObjects: 3.358200 ms)

AssetImportParameters requested are different than current active one (requested -> active):
  custom:container-demuxer-ogg: 62fdf1f143b41e24485cea50d1cbac27 -> 
  custom:video-codec-MediaFoundation-h265: 746d11721c4dcdbdad8f713fa42b33f4 -> 
  custom:video-decoder-ogg-theora: a1e56fd34408186e4bbccfd4996cb3dc -> 
  custom:framework-win-MediaFoundation: 216162199b28c13a410421893ffa2e32 -> 
  custom:CustomObjectIndexerAttribute: 9a22284fe3817be447336de3de66b15e -> 
  custom:container-demuxer-webm: 4f35f7cbe854078d1ac9338744f61a02 -> 
  custom:container-muxer-webm: aa71ff27fc2769a1b78a27578f13a17b -> 
  custom:video-decoder-webm-vp8: 9c59270c3fd7afecdb556c50c9e8de78 -> 
  custom:SearchIndexIgnoredProperties: e643bd26f0fe6173181afceb89e7c659 -> 
  custom:AudioImporter_EditorPlatform: d09bf68614088b80899f8185d706f6e7 -> 
  custom:video-encoder-webm-vp8: eb34c28f22e8b96e1ab97ce403110664 -> 
  custom:audio-decoder-ogg-vorbis: bf7c407c2cedff20999df2af8eb42d56 -> 
  custom:audio-encoder-webm-vorbis: bf7c407c2cedff20999df2af8eb42d56 -> 
========================================================================
Received Import Request.
  Time since last request: 6777.800231 seconds.
  path: Assets/Yashiro
  artifactKey: Guid(0e2640938af0596409ad10edf8caf639) Importer(815301076,1909f56bfc062723c751e8b465ee728b)
Start importing Assets/Yashiro using Guid(0e2640938af0596409ad10edf8caf639) Importer(815301076,1909f56bfc062723c751e8b465ee728b)  -> (artifact id: '17a168d3e2112f508b7844c54ace75ff') in 0.003198 seconds
Number of updated asset objects reloaded before import = 0
Number of asset objects unloaded after import = 0
========================================================================
Received Import Request.
  Time since last request: 1.102324 seconds.
  path: Assets/Yashiro/YashiroMarkingPen_QvPen差し替え対応
  artifactKey: Guid(3ad701e477e2a44489a7ab458ebb5b6b) Importer(815301076,1909f56bfc062723c751e8b465ee728b)
Start importing Assets/Yashiro/YashiroMarkingPen_QvPen差し替え対応 using Guid(3ad701e477e2a44489a7ab458ebb5b6b) Importer(815301076,1909f56bfc062723c751e8b465ee728b)  -> (artifact id: '7c243550fe0871e5745584805027344e') in 0.000740 seconds
Number of updated asset objects reloaded before import = 0
Number of asset objects unloaded after import = 0
========================================================================
Received Import Request.
  Time since last request: 0.701937 seconds.
  path: Assets/UdonSharp/UdonSharpDataLocator.asset
  artifactKey: Guid(900a3ff84134bfd4b9157d0366f9288a) Importer(815301076,1909f56bfc062723c751e8b465ee728b)
Start importing Assets/UdonSharp/UdonSharpDataLocator.asset using Guid(900a3ff84134bfd4b9157d0366f9288a) Importer(815301076,1909f56bfc062723c751e8b465ee728b)  -> (artifact id: 'fb33d231ab6ab2863fc6283b4ae3c21e') in 0.003568 seconds
Number of updated asset objects reloaded before import = 0
Number of asset objects unloaded after import = 1
========================================================================
Received Import Request.
  Time since last request: 0.758370 seconds.
  path: Assets/UdonSharp/UtilityScripts
  artifactKey: Guid(8fef48373ed75114eb4dc2b658a2ade1) Importer(815301076,1909f56bfc062723c751e8b465ee728b)
Start importing Assets/UdonSharp/UtilityScripts using Guid(8fef48373ed75114eb4dc2b658a2ade1) Importer(815301076,1909f56bfc062723c751e8b465ee728b)  -> (artifact id: '37d0050fc5e0ce56dd53dcddd25fb13c') in 0.001293 seconds
Number of updated asset objects reloaded before import = 0
Number of asset objects unloaded after import = 0
========================================================================
Received Import Request.
  Time since last request: 0.060533 seconds.
  path: Assets/UdonSharp/UtilityScripts/BoneFollower.asset
  artifactKey: Guid(33324f447d661da40b534c9fa93c0ec2) Importer(815301076,1909f56bfc062723c751e8b465ee728b)
Start importing Assets/UdonSharp/UtilityScripts/BoneFollower.asset using Guid(33324f447d661da40b534c9fa93c0ec2) Importer(815301076,1909f56bfc062723c751e8b465ee728b)  -> (artifact id: 'bdca952a84f28be23ebc6fc56117cd39') in 0.002165 seconds
Number of updated asset objects reloaded before import = 0
Number of asset objects unloaded after import = 0
========================================================================
Received Import Request.
  Time since last request: 0.000031 seconds.
  path: Assets/UdonSharp/UtilityScripts/PlayerModSetter.asset
  artifactKey: Guid(667c46fd2864a124ea921d98d4914fe5) Importer(815301076,1909f56bfc062723c751e8b465ee728b)
Start importing Assets/UdonSharp/UtilityScripts/PlayerModSetter.asset using Guid(667c46fd2864a124ea921d98d4914fe5) Importer(815301076,1909f56bfc062723c751e8b465ee728b)  -> (artifact id: 'b12201c3d704d449ae0c68671a2e8fd5') in 0.001074 seconds
Number of updated asset objects reloaded before import = 0
Number of asset objects unloaded after import = 0
========================================================================
Received Import Request.
  Time since last request: 0.000043 seconds.
  path: Assets/UdonSharp/UtilityScripts/WorldAudioSettings.asset
  artifactKey: Guid(fa52d8b703fd906459112715b1ef1f3a) Importer(815301076,1909f56bfc062723c751e8b465ee728b)
Start importing Assets/UdonSharp/UtilityScripts/WorldAudioSettings.asset using Guid(fa52d8b703fd906459112715b1ef1f3a) Importer(815301076,1909f56bfc062723c751e8b465ee728b)  -> (artifact id: '515d452c7a162a71bb5f472bd0defded') in 0.001258 seconds
Number of updated asset objects reloaded before import = 0
Number of asset objects unloaded after import = 0
========================================================================
Received Import Request.
  Time since last request: 1.491322 seconds.
  path: Assets/QvPen/QvPen.asmdef
  artifactKey: Guid(207f5b9649b111a41872013525689428) Importer(815301076,1909f56bfc062723c751e8b465ee728b)
Start importing Assets/QvPen/QvPen.asmdef using Guid(207f5b9649b111a41872013525689428) Importer(815301076,1909f56bfc062723c751e8b465ee728b)  -> (artifact id: '6ba9c69249e675cf0a3aea2465f55e4c') in 0.000634 seconds
Number of updated asset objects reloaded before import = 0
Number of asset objects unloaded after import = 0
========================================================================
Received Import Request.
  Time since last request: 0.006617 seconds.
  path: Assets/QvPen/QvPen.prefab
  artifactKey: Guid(2674f268860583949b53b63df24489ea) Importer(815301076,1909f56bfc062723c751e8b465ee728b)
Start importing Assets/QvPen/QvPen.prefab using Guid(2674f268860583949b53b63df24489ea) Importer(815301076,1909f56bfc062723c751e8b465ee728b)  -> (artifact id: '8c269ec8e2176b5e1b3c72a955b863ca') in 0.469244 seconds
Number of updated asset objects reloaded before import = 0
Number of asset objects unloaded after import = 1853
========================================================================
Received Import Request.
  Time since last request: 21.388789 seconds.
  path: Assets/VirtualFoxDesignStudio
  artifactKey: Guid(551294544bcf5334da549733eec6848e) Importer(815301076,1909f56bfc062723c751e8b465ee728b)
Start importing Assets/VirtualFoxDesignStudio using Guid(551294544bcf5334da549733eec6848e) Importer(815301076,1909f56bfc062723c751e8b465ee728b)  -> (artifact id: '516b73555cd4127464ca93f60b6ad896') in 0.001251 seconds
Number of updated asset objects reloaded before import = 0
Number of asset objects unloaded after import = 0
========================================================================
Received Import Request.
  Time since last request: 1.569132 seconds.
  path: Assets/VirtualFoxDesignStudio/Lura'sSwitch(Udon)
  artifactKey: Guid(09f0e2dc4c680374095eeeb0e798a1e9) Importer(815301076,1909f56bfc062723c751e8b465ee728b)
Start importing Assets/VirtualFoxDesignStudio/Lura'sSwitch(Udon) using Guid(09f0e2dc4c680374095eeeb0e798a1e9) Importer(815301076,1909f56bfc062723c751e8b465ee728b)  -> (artifact id: '527a960c1d35219a6d84acce3012d06d') in 0.001073 seconds
Number of updated asset objects reloaded before import = 0
Number of asset objects unloaded after import = 0
========================================================================
Received Import Request.
  Time since last request: 4.570608 seconds.
  path: Assets/VirtualFoxDesignStudio/Lura'sSwitch(Udon)/PREFAB
  artifactKey: Guid(03f1d83f9f073cd49b32e01ea699db35) Importer(815301076,1909f56bfc062723c751e8b465ee728b)
Start importing Assets/VirtualFoxDesignStudio/Lura'sSwitch(Udon)/PREFAB using Guid(03f1d83f9f073cd49b32e01ea699db35) Importer(815301076,1909f56bfc062723c751e8b465ee728b)  -> (artifact id: 'ed605f6d3a1cc979ddb6704adf38b23e') in 0.000683 seconds
Number of updated asset objects reloaded before import = 0
Number of asset objects unloaded after import = 0
========================================================================
Received Import Request.
  Time since last request: 0.060249 seconds.
  path: Assets/VirtualFoxDesignStudio/Lura'sSwitch(Udon)/PREFAB/AvatarDirectionalLight_WithSwitch.prefab
  artifactKey: Guid(77db2bcc6a2d16b4a855b665c4c95bd9) Importer(815301076,1909f56bfc062723c751e8b465ee728b)
Start importing Assets/VirtualFoxDesignStudio/Lura'sSwitch(Udon)/PREFAB/AvatarDirectionalLight_WithSwitch.prefab using Guid(77db2bcc6a2d16b4a855b665c4c95bd9) Importer(815301076,1909f56bfc062723c751e8b465ee728b)  -> (artifact id: '18eaa7386655310f3723ad257fdb30c0') in 0.374633 seconds
Number of updated asset objects reloaded before import = 0
Number of asset objects unloaded after import = 166
========================================================================
Received Import Request.
  Time since last request: 0.000025 seconds.
  path: Assets/VirtualFoxDesignStudio/Lura'sSwitch(Udon)/PREFAB/Object_WithSwitch_Global Variant.prefab
  artifactKey: Guid(53cd56410d96bc44a91930d31e2a51fb) Importer(815301076,1909f56bfc062723c751e8b465ee728b)
Start importing Assets/VirtualFoxDesignStudio/Lura'sSwitch(Udon)/PREFAB/Object_WithSwitch_Global Variant.prefab using Guid(53cd56410d96bc44a91930d31e2a51fb) Importer(815301076,1909f56bfc062723c751e8b465ee728b)  -> (artifact id: '3049a141470722b461fe94d8aee0672c') in 0.034952 seconds
Number of updated asset objects reloaded before import = 0
Number of asset objects unloaded after import = 114
========================================================================
Received Import Request.
  Time since last request: 0.000045 seconds.
  path: Assets/VirtualFoxDesignStudio/Lura'sSwitch(Udon)/PREFAB/Posteffect_WithSwitch_Global Variant.prefab
  artifactKey: Guid(a3d7b94bf282b6d498899d1981abbdb8) Importer(815301076,1909f56bfc062723c751e8b465ee728b)
Start importing Assets/VirtualFoxDesignStudio/Lura'sSwitch(Udon)/PREFAB/Posteffect_WithSwitch_Global Variant.prefab using Guid(a3d7b94bf282b6d498899d1981abbdb8) Importer(815301076,1909f56bfc062723c751e8b465ee728b)  -> (artifact id: '074040d9b949b897323615307415be05') in 0.053619 seconds
Number of updated asset objects reloaded before import = 0
Number of asset objects unloaded after import = 260
========================================================================
Received Import Request.
  Time since last request: 0.000046 seconds.
  path: Assets/VirtualFoxDesignStudio/Lura'sSwitch(Udon)/PREFAB/Posteffect_WithSwitch.prefab
  artifactKey: Guid(b169231a83ec7a54ba2370d8e8327ee9) Importer(815301076,1909f56bfc062723c751e8b465ee728b)
Start importing Assets/VirtualFoxDesignStudio/Lura'sSwitch(Udon)/PREFAB/Posteffect_WithSwitch.prefab using Guid(b169231a83ec7a54ba2370d8e8327ee9) Importer(815301076,1909f56bfc062723c751e8b465ee728b)  -> (artifact id: '1f2059e91026e8fd43649d8c1d518c78') in 0.041448 seconds
Number of updated asset objects reloaded before import = 0
Number of asset objects unloaded after import = 180
========================================================================
Received Import Request.
  Time since last request: 0.000031 seconds.
  path: Assets/VirtualFoxDesignStudio/Lura'sSwitch(Udon)/PREFAB/ResetPosition.prefab
  artifactKey: Guid(88d8766afaeb4b743945257492472cd8) Importer(815301076,1909f56bfc062723c751e8b465ee728b)
Start importing Assets/VirtualFoxDesignStudio/Lura'sSwitch(Udon)/PREFAB/ResetPosition.prefab using Guid(88d8766afaeb4b743945257492472cd8) Importer(815301076,1909f56bfc062723c751e8b465ee728b)  -> (artifact id: 'd287c861b5ded4e647e59c8facd70ffd') in 0.031434 seconds
Number of updated asset objects reloaded before import = 0
Number of asset objects unloaded after import = 42
========================================================================
Received Import Request.
  Time since last request: 0.000028 seconds.
  path: Assets/VirtualFoxDesignStudio/Lura'sSwitch(Udon)/PREFAB/Mirror_WithSwitch.prefab
  artifactKey: Guid(ba5f2c1931a030843a47347d66b52f08) Importer(815301076,1909f56bfc062723c751e8b465ee728b)
Start importing Assets/VirtualFoxDesignStudio/Lura'sSwitch(Udon)/PREFAB/Mirror_WithSwitch.prefab using Guid(ba5f2c1931a030843a47347d66b52f08) Importer(815301076,1909f56bfc062723c751e8b465ee728b)  -> (artifact id: '0c7d2bf662dc5f6871fb25813e9ee44c') in 0.034249 seconds
Number of updated asset objects reloaded before import = 0
Number of asset objects unloaded after import = 73
========================================================================
Received Import Request.
  Time since last request: 0.000081 seconds.
  path: Assets/VirtualFoxDesignStudio/Lura'sSwitch(Udon)/PREFAB/Light_WithSwitch.prefab
  artifactKey: Guid(9ba1e96f6c8ba614c8b532069a6011ef) Importer(815301076,1909f56bfc062723c751e8b465ee728b)
Start importing Assets/VirtualFoxDesignStudio/Lura'sSwitch(Udon)/PREFAB/Light_WithSwitch.prefab using Guid(9ba1e96f6c8ba614c8b532069a6011ef) Importer(815301076,1909f56bfc062723c751e8b465ee728b)  -> (artifact id: 'c4c23f78e3575249ca804ac89dfe8c4c') in 0.036948 seconds
Number of updated asset objects reloaded before import = 0
Number of asset objects unloaded after import = 72
========================================================================
Received Import Request.
  Time since last request: 0.000026 seconds.
  path: Assets/VirtualFoxDesignStudio/Lura'sSwitch(Udon)/PREFAB/MicTest_WithSwitch.prefab
  artifactKey: Guid(3c1354ef44115614b9ec0d51deead25b) Importer(815301076,1909f56bfc062723c751e8b465ee728b)
Start importing Assets/VirtualFoxDesignStudio/Lura'sSwitch(Udon)/PREFAB/MicTest_WithSwitch.prefab using Guid(3c1354ef44115614b9ec0d51deead25b) Importer(815301076,1909f56bfc062723c751e8b465ee728b)  -> (artifact id: 'db171aa6cb314492ed4044ab46e815af') in 0.034080 seconds
Number of updated asset objects reloaded before import = 0
Number of asset objects unloaded after import = 72
========================================================================
Received Import Request.
  Time since last request: 0.000053 seconds.
  path: Assets/VirtualFoxDesignStudio/Lura'sSwitch(Udon)/PREFAB/Object_WithSwitch.prefab
  artifactKey: Guid(9401e58ca60e69747bcf0c00eeaf2d00) Importer(815301076,1909f56bfc062723c751e8b465ee728b)
Start importing Assets/VirtualFoxDesignStudio/Lura'sSwitch(Udon)/PREFAB/Object_WithSwitch.prefab using Guid(9401e58ca60e69747bcf0c00eeaf2d00) Importer(815301076,1909f56bfc062723c751e8b465ee728b)  -> (artifact id: '9fd85c533037ed0fbc91be6fde40f08d') in 0.036651 seconds
Number of updated asset objects reloaded before import = 0
Number of asset objects unloaded after import = 74
========================================================================
Received Import Request.
  Time since last request: 0.000032 seconds.
  path: Assets/VirtualFoxDesignStudio/Lura'sSwitch(Udon)/PREFAB/Video_WithSwitch.prefab
  artifactKey: Guid(670903d93b6dad54f93e00e746619712) Importer(815301076,1909f56bfc062723c751e8b465ee728b)
Start importing Assets/VirtualFoxDesignStudio/Lura'sSwitch(Udon)/PREFAB/Video_WithSwitch.prefab using Guid(670903d93b6dad54f93e00e746619712) Importer(815301076,1909f56bfc062723c751e8b465ee728b)  -> (artifact id: '5c291696212ddbedd59d795ca9fb572d') in 0.030723 seconds
Number of updated asset objects reloaded before import = 0
Number of asset objects unloaded after import = 74
