Using pre-set license
Built from '2022.3/staging' branch; Version is '2022.3.22f1 (887be4894c44) revision 8944612'; Using compiler version '192829333'; Build Type 'Release'
OS: 'Windows 11  (10.0.26100) 64bit Core' Language: 'ja' Physical Memory: 32643 MB
BatchMode: 1, IsHumanControllingUs: 0, StartBugReporterOnCrash: 0, Is64bit: 1, IsPro: 1

COMMAND LINE ARGUMENTS:
D:\2022.3.22f1\Editor\Unity.exe
-adb2
-batchMode
-noUpm
-name
AssetImportWorker2
-projectPath
C:/Users/aoitu/Documents/world共同開発/New Project
-logFile
Logs/AssetImportWorker2.log
-srvPort
63715
Successfully changed project path to: C:/Users/aoitu/Documents/world共同開発/New Project
C:/Users/aoitu/Documents/world共同開発/New Project
[UnityMemory] Configuration Parameters - Can be set up in boot.config
    "memorysetup-bucket-allocator-granularity=16"
    "memorysetup-bucket-allocator-bucket-count=8"
    "memorysetup-bucket-allocator-block-size=33554432"
    "memorysetup-bucket-allocator-block-count=8"
    "memorysetup-main-allocator-block-size=16777216"
    "memorysetup-thread-allocator-block-size=16777216"
    "memorysetup-gfx-main-allocator-block-size=16777216"
    "memorysetup-gfx-thread-allocator-block-size=16777216"
    "memorysetup-cache-allocator-block-size=4194304"
    "memorysetup-typetree-allocator-block-size=2097152"
    "memorysetup-profiler-bucket-allocator-granularity=16"
    "memorysetup-profiler-bucket-allocator-bucket-count=8"
    "memorysetup-profiler-bucket-allocator-block-size=33554432"
    "memorysetup-profiler-bucket-allocator-block-count=8"
    "memorysetup-profiler-allocator-block-size=16777216"
    "memorysetup-profiler-editor-allocator-block-size=1048576"
    "memorysetup-temp-allocator-size-main=16777216"
    "memorysetup-job-temp-allocator-block-size=2097152"
    "memorysetup-job-temp-allocator-block-size-background=1048576"
    "memorysetup-job-temp-allocator-reduction-small-platforms=262144"
    "memorysetup-allocator-temp-initial-block-size-main=262144"
    "memorysetup-allocator-temp-initial-block-size-worker=262144"
    "memorysetup-temp-allocator-size-background-worker=32768"
    "memorysetup-temp-allocator-size-job-worker=262144"
    "memorysetup-temp-allocator-size-preload-manager=33554432"
    "memorysetup-temp-allocator-size-nav-mesh-worker=65536"
    "memorysetup-temp-allocator-size-audio-worker=65536"
    "memorysetup-temp-allocator-size-cloud-worker=32768"
    "memorysetup-temp-allocator-size-gi-baking-worker=262144"
    "memorysetup-temp-allocator-size-gfx=262144"
Player connection [7544] Host "[IP] 192.168.3.101 [Port] 0 [Flags] 2 [Guid] 751087041 [EditorId] 751087041 [Version] 1048832 [Id] WindowsEditor(7,tsukitohonma) [Debug] 1 [PackageName] WindowsEditor [ProjectName] Editor" joined multi-casting on [225.0.0.222:54997]...

Player connection [7544] Host "[IP] 192.168.3.101 [Port] 0 [Flags] 2 [Guid] 751087041 [EditorId] 751087041 [Version] 1048832 [Id] WindowsEditor(7,tsukitohonma) [Debug] 1 [PackageName] WindowsEditor [ProjectName] Editor" joined alternative multi-casting on [225.0.0.222:34997]...

[Physics::Module] Initialized MultithreadedJobDispatcher with 11 workers.
Refreshing native plugins compatible for Editor in 50.22 ms, found 6 plugins.
Preloading 2 native plugins for Editor in 1.69 ms.
Initialize engine version: 2022.3.22f1 (887be4894c44)
[Subsystems] Discovering subsystems at path D:/2022.3.22f1/Editor/Data/Resources/UnitySubsystems
[Subsystems] Discovering subsystems at path C:/Users/aoitu/Documents/world共同開発/New Project/Assets
GfxDevice: creating device client; threaded=0; jobified=0
Direct3D:
    Version:  Direct3D 11.0 [level 11.1]
    Renderer: NVIDIA GeForce RTX 4060 Ti (ID=0x2803)
    Vendor:   NVIDIA
    VRAM:     7949 MB
    Driver:   31.0.15.5161
Initialize mono
Mono path[0] = 'D:/2022.3.22f1/Editor/Data/Managed'
Mono path[1] = 'D:/2022.3.22f1/Editor/Data/MonoBleedingEdge/lib/mono/unityjit-win32'
Mono config path = 'D:/2022.3.22f1/Editor/Data/MonoBleedingEdge/etc'
Using monoOptions --debugger-agent=transport=dt_socket,embedding=1,server=y,suspend=n,address=127.0.0.1:56816
Begin MonoManager ReloadAssembly
Registering precompiled unity dll's ...
Register platform support module: D:/2022.3.22f1/Editor/Data/PlaybackEngines/AndroidPlayer/UnityEditor.Android.Extensions.dll
Register platform support module: D:/2022.3.22f1/Editor/Data/PlaybackEngines/WindowsStandaloneSupport/UnityEditor.WindowsStandalone.Extensions.dll
Registered in 0.004409 seconds.
- Loaded All Assemblies, in  0.385 seconds
Native extension for WindowsStandalone target not found
Native extension for Android target not found
Android Extension - Scanning For ADB Devices 287 ms
Mono: successfully reloaded assembly
- Finished resetting the current domain, in  0.615 seconds
Domain Reload Profiling: 1000ms
	BeginReloadAssembly (131ms)
		ExecutionOrderSort (0ms)
		DisableScriptedObjects (0ms)
		BackupInstance (0ms)
		ReleaseScriptingObjects (0ms)
		CreateAndSetChildDomain (1ms)
	RebuildCommonClasses (42ms)
	RebuildNativeTypeToScriptingClass (11ms)
	initialDomainReloadingComplete (50ms)
	LoadAllAssembliesAndSetupDomain (151ms)
		LoadAssemblies (131ms)
		RebuildTransferFunctionScriptingTraits (0ms)
		AnalyzeDomain (148ms)
			TypeCache.Refresh (147ms)
				TypeCache.ScanAssembly (133ms)
			ScanForSourceGeneratedMonoScriptInfo (1ms)
			ResolveRequiredComponents (0ms)
	FinalizeReload (616ms)
		ReleaseScriptCaches (0ms)
		RebuildScriptCaches (0ms)
		SetupLoadedEditorAssemblies (561ms)
			LogAssemblyErrors (0ms)
			InitializePlatformSupportModulesInManaged (395ms)
			SetLoadedEditorAssemblies (5ms)
			RefreshPlugins (0ms)
			BeforeProcessingInitializeOnLoad (2ms)
			ProcessInitializeOnLoadAttributes (113ms)
			ProcessInitializeOnLoadMethodAttributes (45ms)
			AfterProcessingInitializeOnLoad (0ms)
			EditorAssembliesLoaded (0ms)
		ExecutionOrderSort2 (0ms)
		AwakeInstancesAfterBackupRestoration (0ms)
========================================================================
Worker process is ready to serve import requests
Begin MonoManager ReloadAssembly
- Loaded All Assemblies, in  1.001 seconds
Refreshing native plugins compatible for Editor in 24.54 ms, found 6 plugins.
Native extension for WindowsStandalone target not found
Native extension for Android target not found
Package Manager log level set to [2]
[Package Manager] Server::EnsureServerProcessIsRunning -- launch failed, reason: Unity was launched with the -noUpm command-line argument
[Package Manager] UpmClient::Send -- Unable to send message (not connected to UPM process).
[Package Manager] Cannot connect to Unity Package Manager local server
System.ArgumentNullException: Value cannot be null.
Parameter name: path
  at System.IO.Directory.CreateDirectory (System.String path) [0x00003] in <27124aa0e30a41659b903b822b959bc7>:0 
  at VRC.SDKBase.Editor.VRCPackageSettings.EnsurePathExists () [0x0000b] in .\Packages\com.vrchat.base\Editor\VRCSDK\Dependencies\VRChat\VRCPackageSettings.cs:45 
  at VRC.SDKBase.Editor.VRCPackageSettings.Load () [0x00000] in .\Packages\com.vrchat.base\Editor\VRCSDK\Dependencies\VRChat\VRCPackageSettings.cs:50 
  at VRC.SDKBase.Editor.VRCPackageSettings.Create () [0x00005] in .\Packages\com.vrchat.base\Editor\VRCSDK\Dependencies\VRChat\VRCPackageSettings.cs:19 
  at VRC.SDKBase.Editor.SampleHintCreator..cctor () [0x00007] in .\Packages\com.vrchat.base\Editor\VRCSDK\SampleHintCreator.cs:18 
UnityEngine.StackTraceUtility:ExtractStackTrace ()
UnityEngine.DebugLogHandler:LogFormat (UnityEngine.LogType,UnityEngine.Object,string,object[])
UnityEngine.Logger:Log (UnityEngine.LogType,object)
UnityEngine.Debug:LogError (object)
UnityEditor.EditorAssemblies:ProcessInitializeOnLoadAttributes (System.Type[])

System.Reflection.TargetInvocationException: Exception has been thrown by the target of an invocation. ---> System.NullReferenceException: Object reference not set to an instance of an object
  at Unity.XR.Oculus.OculusLoader.AssetPathToAbsolutePath (System.String assetPath) [0x00040] in .\Library\PackageCache\com.unity.xr.oculus@4.2.0\Runtime\OculusLoader.cs:298 
  at Unity.XR.Oculus.OculusLoader.EditorLoadOVRPlugin () [0x0008c] in .\Library\PackageCache\com.unity.xr.oculus@4.2.0\Runtime\OculusLoader.cs:283 
  at (wrapper managed-to-native) System.Reflection.RuntimeMethodInfo.InternalInvoke(System.Reflection.RuntimeMethodInfo,object,object[],System.Exception&)
  at System.Reflection.RuntimeMethodInfo.Invoke (System.Object obj, System.Reflection.BindingFlags invokeAttr, System.Reflection.Binder binder, System.Object[] parameters, System.Globalization.CultureInfo culture) [0x0006a] in <27124aa0e30a41659b903b822b959bc7>:0 
   --- End of inner exception stack trace ---
  at System.Reflection.RuntimeMethodInfo.Invoke (System.Object obj, System.Reflection.BindingFlags invokeAttr, System.Reflection.Binder binder, System.Object[] parameters, System.Globalization.CultureInfo culture) [0x00083] in <27124aa0e30a41659b903b822b959bc7>:0 
  at System.Reflection.MethodBase.Invoke (System.Object obj, System.Object[] parameters) [0x00000] in <27124aa0e30a41659b903b822b959bc7>:0 
  at UnityEditor.EditorAssemblies.ProcessInitializeOnLoadMethodAttributes () [0x000a5] in <80a8ce1980c648dca8e68f0d8aa3b930>:0 
UnityEngine.StackTraceUtility:ExtractStackTrace ()
UnityEngine.DebugLogHandler:LogFormat (UnityEngine.LogType,UnityEngine.Object,string,object[])
UnityEngine.Logger:Log (UnityEngine.LogType,object)
UnityEngine.Debug:LogError (object)
UnityEditor.EditorAssemblies:ProcessInitializeOnLoadMethodAttributes ()

Mono: successfully reloaded assembly
[Package Manager] Server::EnsureServerProcessIsRunning -- launch failed, reason: Unity was launched with the -noUpm command-line argument
[Package Manager] UpmClient::Send -- Unable to send message (not connected to UPM process).
[Package Manager] Cannot connect to Unity Package Manager local server
[Package Manager] Server::EnsureServerProcessIsRunning -- launch failed, reason: Unity was launched with the -noUpm command-line argument
[Package Manager] UpmClient::Send -- Unable to send message (not connected to UPM process).
[Package Manager] Cannot connect to Unity Package Manager local server
- Finished resetting the current domain, in  2.417 seconds
Domain Reload Profiling: 3414ms
	BeginReloadAssembly (173ms)
		ExecutionOrderSort (0ms)
		DisableScriptedObjects (5ms)
		BackupInstance (0ms)
		ReleaseScriptingObjects (0ms)
		CreateAndSetChildDomain (27ms)
	RebuildCommonClasses (34ms)
	RebuildNativeTypeToScriptingClass (10ms)
	initialDomainReloadingComplete (46ms)
	LoadAllAssembliesAndSetupDomain (732ms)
		LoadAssemblies (512ms)
		RebuildTransferFunctionScriptingTraits (0ms)
		AnalyzeDomain (331ms)
			TypeCache.Refresh (301ms)
				TypeCache.ScanAssembly (273ms)
			ScanForSourceGeneratedMonoScriptInfo (20ms)
			ResolveRequiredComponents (7ms)
	FinalizeReload (2417ms)
		ReleaseScriptCaches (0ms)
		RebuildScriptCaches (0ms)
		SetupLoadedEditorAssemblies (1289ms)
			LogAssemblyErrors (0ms)
			InitializePlatformSupportModulesInManaged (23ms)
			SetLoadedEditorAssemblies (5ms)
			RefreshPlugins (0ms)
			BeforeProcessingInitializeOnLoad (72ms)
			ProcessInitializeOnLoadAttributes (685ms)
			ProcessInitializeOnLoadMethodAttributes (500ms)
			AfterProcessingInitializeOnLoad (3ms)
			EditorAssembliesLoaded (0ms)
		ExecutionOrderSort2 (0ms)
		AwakeInstancesAfterBackupRestoration (10ms)
Launched and connected shader compiler UnityShaderCompiler.exe after 0.06 seconds
Refreshing native plugins compatible for Editor in 33.36 ms, found 6 plugins.
Preloading 2 native plugins for Editor in 0.29 ms.
Unloading 3318 Unused Serialized files (Serialized files now loaded: 0)
Unloading 140 unused Assets / (1.9 MB). Loaded Objects now: 3836.
Memory consumption went from 155.2 MB to 153.3 MB.
Total: 9.567600 ms (FindLiveObjects: 0.328900 ms CreateObjectMapping: 0.141900 ms MarkObjects: 8.128700 ms  DeleteObjects: 0.966400 ms)

AssetImportParameters requested are different than current active one (requested -> active):
  custom:container-demuxer-ogg: 62fdf1f143b41e24485cea50d1cbac27 -> 
  custom:video-codec-MediaFoundation-h265: 746d11721c4dcdbdad8f713fa42b33f4 -> 
  custom:video-decoder-ogg-theora: a1e56fd34408186e4bbccfd4996cb3dc -> 
  custom:framework-win-MediaFoundation: 216162199b28c13a410421893ffa2e32 -> 
  custom:CustomObjectIndexerAttribute: 9a22284fe3817be447336de3de66b15e -> 
  custom:container-demuxer-webm: 4f35f7cbe854078d1ac9338744f61a02 -> 
  custom:container-muxer-webm: aa71ff27fc2769a1b78a27578f13a17b -> 
  custom:video-decoder-webm-vp8: 9c59270c3fd7afecdb556c50c9e8de78 -> 
  custom:SearchIndexIgnoredProperties: e643bd26f0fe6173181afceb89e7c659 -> 
  custom:AudioImporter_EditorPlatform: d09bf68614088b80899f8185d706f6e7 -> 
  custom:video-encoder-webm-vp8: eb34c28f22e8b96e1ab97ce403110664 -> 
  custom:audio-decoder-ogg-vorbis: bf7c407c2cedff20999df2af8eb42d56 -> 
  custom:audio-encoder-webm-vorbis: bf7c407c2cedff20999df2af8eb42d56 -> 
========================================================================
Received Import Request.
  Time since last request: 9187.181172 seconds.
  path: Assets/SerializedUdonPrograms/75f3b7bb830f4324a8b2f49814f3493a.asset
  artifactKey: Guid(4295432b0a4c99e43a36a56d8669ca71) Importer(2089858483,0ecaa5967403d082aa24f35e1b516d23)
Start importing Assets/SerializedUdonPrograms/75f3b7bb830f4324a8b2f49814f3493a.asset using Guid(4295432b0a4c99e43a36a56d8669ca71) Importer(2089858483,0ecaa5967403d082aa24f35e1b516d23)  -> (artifact id: 'ec4684a4c25d70c49e135e47f729132d') in 0.135959 seconds
Number of updated asset objects reloaded before import = 0
Number of asset objects unloaded after import = 1
========================================================================
Received Import Request.
  Time since last request: 0.000039 seconds.
  path: Assets/SerializedUdonPrograms/c8df303ceb45ae84f85a11591f741734.asset
  artifactKey: Guid(463bb94939a32424da46acf26e673d04) Importer(2089858483,0ecaa5967403d082aa24f35e1b516d23)
Start importing Assets/SerializedUdonPrograms/c8df303ceb45ae84f85a11591f741734.asset using Guid(463bb94939a32424da46acf26e673d04) Importer(2089858483,0ecaa5967403d082aa24f35e1b516d23)  -> (artifact id: '335120121e5a2ff9cbd1c65fb09a0ded') in 0.021142 seconds
Number of updated asset objects reloaded before import = 0
Number of asset objects unloaded after import = 1
========================================================================
Received Import Request.
  Time since last request: 0.000175 seconds.
  path: Assets/SerializedUdonPrograms/8732b730b248f4344a2839981e1ff9f0.asset
  artifactKey: Guid(9d027b638fa4570469965d06d2576d5f) Importer(2089858483,0ecaa5967403d082aa24f35e1b516d23)
Start importing Assets/SerializedUdonPrograms/8732b730b248f4344a2839981e1ff9f0.asset using Guid(9d027b638fa4570469965d06d2576d5f) Importer(2089858483,0ecaa5967403d082aa24f35e1b516d23)  -> (artifact id: '4db003897547df61ce96c49107454d97') in 0.040142 seconds
Number of updated asset objects reloaded before import = 0
Number of asset objects unloaded after import = 1
========================================================================
Received Import Request.
  Time since last request: 0.000022 seconds.
  path: Assets/UdonSharp/UtilityScripts/Synced/MasterToggleObject.cs
  artifactKey: Guid(fe5e5216dff1add40961bf62f441e92d) Importer(2089858483,0ecaa5967403d082aa24f35e1b516d23)
Start importing Assets/UdonSharp/UtilityScripts/Synced/MasterToggleObject.cs using Guid(fe5e5216dff1add40961bf62f441e92d) Importer(2089858483,0ecaa5967403d082aa24f35e1b516d23)  -> (artifact id: '68dc9a4be9dcb658a7ff13b1eb450e24') in 0.037985 seconds
Number of updated asset objects reloaded before import = 0
Number of asset objects unloaded after import = 1
========================================================================
Received Import Request.
  Time since last request: 0.000233 seconds.
  path: Assets/SerializedUdonPrograms/853a35cf0f51df6498d68490a1f662e3.asset
  artifactKey: Guid(0d20ff4b07d697f4192dabbd10be1eb5) Importer(2089858483,0ecaa5967403d082aa24f35e1b516d23)
Start importing Assets/SerializedUdonPrograms/853a35cf0f51df6498d68490a1f662e3.asset using Guid(0d20ff4b07d697f4192dabbd10be1eb5) Importer(2089858483,0ecaa5967403d082aa24f35e1b516d23)  -> (artifact id: 'fa22583a563be522b020ad1d16601623') in 0.014853 seconds
Number of updated asset objects reloaded before import = 0
Number of asset objects unloaded after import = 1
========================================================================
Received Import Request.
  Time since last request: 0.000034 seconds.
  path: Assets/SerializedUdonPrograms/96ee11c7074d21e4f84d189ad35d45fc.asset
  artifactKey: Guid(0a71eb86b1dbcdc4cb119b539e5370cf) Importer(2089858483,0ecaa5967403d082aa24f35e1b516d23)
Start importing Assets/SerializedUdonPrograms/96ee11c7074d21e4f84d189ad35d45fc.asset using Guid(0a71eb86b1dbcdc4cb119b539e5370cf) Importer(2089858483,0ecaa5967403d082aa24f35e1b516d23)  -> (artifact id: '1acf4ad2959d6457cb14b58569222b6b') in 0.023228 seconds
Number of updated asset objects reloaded before import = 0
Number of asset objects unloaded after import = 1
========================================================================
Received Import Request.
  Time since last request: 0.000028 seconds.
  path: Assets/XR/XRGeneralSettings.asset
  artifactKey: Guid(4a4a2133bee82aa469a8420bfb967504) Importer(2089858483,0ecaa5967403d082aa24f35e1b516d23)
Start importing Assets/XR/XRGeneralSettings.asset using Guid(4a4a2133bee82aa469a8420bfb967504) Importer(2089858483,0ecaa5967403d082aa24f35e1b516d23)  -> (artifact id: '331505fda06d5d8931674a4c44b1ffae') in 0.045083 seconds
Number of updated asset objects reloaded before import = 0
Number of asset objects unloaded after import = 6
========================================================================
Received Import Request.
  Time since last request: 0.000021 seconds.
  path: Assets/Scenes/VRCDefaultWorldScene/SampleAssetsSet_V1_phong1_AlbedoTransparency.png
  artifactKey: Guid(de850b622deead5409d693ba027bf0df) Importer(2089858483,0ecaa5967403d082aa24f35e1b516d23)
Start importing Assets/Scenes/VRCDefaultWorldScene/SampleAssetsSet_V1_phong1_AlbedoTransparency.png using Guid(de850b622deead5409d693ba027bf0df) Importer(2089858483,0ecaa5967403d082aa24f35e1b516d23)  -> (artifact id: 'c96ecc97c7b77a228ca44d5da7b079f9') in 0.096693 seconds
Number of updated asset objects reloaded before import = 0
Number of asset objects unloaded after import = 1
========================================================================
Received Import Request.
  Time since last request: 0.000027 seconds.
  path: Assets/SerializedUdonPrograms/a1125ad687f8d9f41b0da3667d153a30.asset
  artifactKey: Guid(8a64a626c292b324bbef4cb9828e841c) Importer(2089858483,0ecaa5967403d082aa24f35e1b516d23)
Start importing Assets/SerializedUdonPrograms/a1125ad687f8d9f41b0da3667d153a30.asset using Guid(8a64a626c292b324bbef4cb9828e841c) Importer(2089858483,0ecaa5967403d082aa24f35e1b516d23)  -> (artifact id: '33cf4f1e2cbc612f1c0e64a7f070f0f3') in 0.018090 seconds
Number of updated asset objects reloaded before import = 0
Number of asset objects unloaded after import = 1
========================================================================
Received Import Request.
  Time since last request: 0.000043 seconds.
  path: Assets/SerializedUdonPrograms/4eb7aa2be7d95324ea25c03bf1cab34f.asset
  artifactKey: Guid(28499d170d888fd4d933b3dcb0a6db15) Importer(2089858483,0ecaa5967403d082aa24f35e1b516d23)
Start importing Assets/SerializedUdonPrograms/4eb7aa2be7d95324ea25c03bf1cab34f.asset using Guid(28499d170d888fd4d933b3dcb0a6db15) Importer(2089858483,0ecaa5967403d082aa24f35e1b516d23)  -> (artifact id: 'a0b03b2cec5becb8d1df5ac66083e9c0') in 0.016046 seconds
Number of updated asset objects reloaded before import = 0
Number of asset objects unloaded after import = 1
========================================================================
Received Import Request.
  Time since last request: 0.000027 seconds.
  path: Assets/SerializedUdonPrograms/4715e20276be3b141a6a216230cab4e9.asset
  artifactKey: Guid(a313c269a52e56d4fbaeb1b11816fee0) Importer(2089858483,0ecaa5967403d082aa24f35e1b516d23)
Start importing Assets/SerializedUdonPrograms/4715e20276be3b141a6a216230cab4e9.asset using Guid(a313c269a52e56d4fbaeb1b11816fee0) Importer(2089858483,0ecaa5967403d082aa24f35e1b516d23)  -> (artifact id: 'd8ed10897aae02162ce0f2c1fa066d2f') in 0.019471 seconds
Number of updated asset objects reloaded before import = 0
Number of asset objects unloaded after import = 1
========================================================================
Received Import Request.
  Time since last request: 0.000025 seconds.
  path: Assets/SerializedUdonPrograms/699261d683532df468f1ed17ff8c8cf1.asset
  artifactKey: Guid(1189d0f277b780d448573e577acbc756) Importer(2089858483,0ecaa5967403d082aa24f35e1b516d23)
Start importing Assets/SerializedUdonPrograms/699261d683532df468f1ed17ff8c8cf1.asset using Guid(1189d0f277b780d448573e577acbc756) Importer(2089858483,0ecaa5967403d082aa24f35e1b516d23)  -> (artifact id: '87956ed605a7632d73a32ab3310ab3d0') in 0.018297 seconds
Number of updated asset objects reloaded before import = 0
Number of asset objects unloaded after import = 1
========================================================================
Received Import Request.
  Time since last request: 0.000022 seconds.
  path: Assets/Scenes/VRCDefaultWorldScene/SampleAssetsSet_V1_phong1_Normal.png
  artifactKey: Guid(40776ef5ff91ae541aede0cc4bb0126b) Importer(2089858483,0ecaa5967403d082aa24f35e1b516d23)
Start importing Assets/Scenes/VRCDefaultWorldScene/SampleAssetsSet_V1_phong1_Normal.png using Guid(40776ef5ff91ae541aede0cc4bb0126b) Importer(2089858483,0ecaa5967403d082aa24f35e1b516d23)  -> (artifact id: '3e25ea7e2f2651991f7b8392da348747') in 0.027449 seconds
Number of updated asset objects reloaded before import = 0
Number of asset objects unloaded after import = 1
========================================================================
Received Import Request.
  Time since last request: 0.000023 seconds.
  path: Assets/UdonSharp/UtilityScripts/BoneFollower.cs
  artifactKey: Guid(d1a6820e86752e14d8227ad846e6ab81) Importer(2089858483,0ecaa5967403d082aa24f35e1b516d23)
Start importing Assets/UdonSharp/UtilityScripts/BoneFollower.cs using Guid(d1a6820e86752e14d8227ad846e6ab81) Importer(2089858483,0ecaa5967403d082aa24f35e1b516d23)  -> (artifact id: 'da039aaf23f57f67eaeb30f2a6a6ed17') in 0.016058 seconds
Number of updated asset objects reloaded before import = 0
Number of asset objects unloaded after import = 1
========================================================================
Received Import Request.
  Time since last request: 0.000024 seconds.
  path: Assets/UdonSharp/UtilityScripts/Synced/GlobalToggleObject.asset
  artifactKey: Guid(96ee11c7074d21e4f84d189ad35d45fc) Importer(2089858483,0ecaa5967403d082aa24f35e1b516d23)
Start importing Assets/UdonSharp/UtilityScripts/Synced/GlobalToggleObject.asset using Guid(96ee11c7074d21e4f84d189ad35d45fc) Importer(2089858483,0ecaa5967403d082aa24f35e1b516d23)  -> (artifact id: '128a0535bbf0eb9ee8ac92c370cf471e') in 0.060105 seconds
Number of updated asset objects reloaded before import = 0
Number of asset objects unloaded after import = 1
========================================================================
Received Import Request.
  Time since last request: 0.000027 seconds.
  path: Assets/XR/Loaders/OculusLoader.asset
  artifactKey: Guid(3fba76f295b36af4a9f85f6bd6258932) Importer(2089858483,0ecaa5967403d082aa24f35e1b516d23)
Start importing Assets/XR/Loaders/OculusLoader.asset using Guid(3fba76f295b36af4a9f85f6bd6258932) Importer(2089858483,0ecaa5967403d082aa24f35e1b516d23)  -> (artifact id: '099efc100e6666ab4b28aead6d027d17') in 0.020092 seconds
Number of updated asset objects reloaded before import = 0
Number of asset objects unloaded after import = 1
========================================================================
Received Import Request.
  Time since last request: 0.000028 seconds.
  path: Assets/SerializedUdonPrograms/3053cc98f03a13041a10e0650d9b6e24.asset
  artifactKey: Guid(e5992c43df52e8b44b9310dfd27c9dcc) Importer(2089858483,0ecaa5967403d082aa24f35e1b516d23)
Start importing Assets/SerializedUdonPrograms/3053cc98f03a13041a10e0650d9b6e24.asset using Guid(e5992c43df52e8b44b9310dfd27c9dcc) Importer(2089858483,0ecaa5967403d082aa24f35e1b516d23)  -> (artifact id: 'b4da2accc6b8251bafb95d9a181c20c2') in 0.016610 seconds
Number of updated asset objects reloaded before import = 0
Number of asset objects unloaded after import = 1
========================================================================
Received Import Request.
  Time since last request: 0.000030 seconds.
  path: Assets/SerializedUdonPrograms/566cc00e27d5822449529a3785eae366.asset
  artifactKey: Guid(f3a931c7c403f1242bf54b28f01400be) Importer(2089858483,0ecaa5967403d082aa24f35e1b516d23)
Start importing Assets/SerializedUdonPrograms/566cc00e27d5822449529a3785eae366.asset using Guid(f3a931c7c403f1242bf54b28f01400be) Importer(2089858483,0ecaa5967403d082aa24f35e1b516d23)  -> (artifact id: '429631fecbdc4d1ec899b8046c0190c7') in 0.017135 seconds
Number of updated asset objects reloaded before import = 0
Number of asset objects unloaded after import = 1
========================================================================
Received Import Request.
  Time since last request: 0.000028 seconds.
  path: Assets/Scenes/VRCDefaultWorldScene/MirrorReflection.mat
  artifactKey: Guid(6b9a9d5cc364ac34e989c59798412a82) Importer(2089858483,0ecaa5967403d082aa24f35e1b516d23)
Start importing Assets/Scenes/VRCDefaultWorldScene/MirrorReflection.mat using Guid(6b9a9d5cc364ac34e989c59798412a82) Importer(2089858483,0ecaa5967403d082aa24f35e1b516d23)  -> (artifact id: '75fa276ccaf0d2ca278ac26cdb1229dc') in 0.024492 seconds
Number of updated asset objects reloaded before import = 0
Number of asset objects unloaded after import = 1
========================================================================
Received Import Request.
  Time since last request: 0.000027 seconds.
  path: Assets/UdonSharp/UtilityScripts/WorldAudioSettings.asset
  artifactKey: Guid(fa52d8b703fd906459112715b1ef1f3a) Importer(2089858483,0ecaa5967403d082aa24f35e1b516d23)
Start importing Assets/UdonSharp/UtilityScripts/WorldAudioSettings.asset using Guid(fa52d8b703fd906459112715b1ef1f3a) Importer(2089858483,0ecaa5967403d082aa24f35e1b516d23)  -> (artifact id: '628996b140ab2f56305f8344ef0b6bd3') in 0.021179 seconds
Number of updated asset objects reloaded before import = 0
Number of asset objects unloaded after import = 1
========================================================================
Received Import Request.
  Time since last request: 0.000032 seconds.
  path: Assets/Scenes/VRCDefaultWorldScene/ImageMaterial.mat
  artifactKey: Guid(c03c837d0a5007948ae29ac8687013b6) Importer(2089858483,0ecaa5967403d082aa24f35e1b516d23)
Start importing Assets/Scenes/VRCDefaultWorldScene/ImageMaterial.mat using Guid(c03c837d0a5007948ae29ac8687013b6) Importer(2089858483,0ecaa5967403d082aa24f35e1b516d23)  -> (artifact id: '1df023f698dae43b72f800d89fffb41e') in 0.020181 seconds
Number of updated asset objects reloaded before import = 0
Number of asset objects unloaded after import = 1
