Using pre-set license
Built from '2022.3/staging' branch; Version is '2022.3.22f1 (887be4894c44) revision 8944612'; Using compiler version '192829333'; Build Type 'Release'
OS: 'Windows 11  (10.0.26100) 64bit Core' Language: 'ja' Physical Memory: 32643 MB
BatchMode: 1, IsHumanControllingUs: 0, StartBugReporterOnCrash: 0, Is64bit: 1, IsPro: 1

COMMAND LINE ARGUMENTS:
D:\2022.3.22f1\Editor\Unity.exe
-adb2
-batchMode
-noUpm
-name
AssetImportWorker1
-projectPath
C:/Users/aoitu/Documents/world蜈ｱ蜷碁幕逋ｺ/New Project
-logFile
Logs/AssetImportWorker1.log
-srvPort
63715
Successfully changed project path to: C:/Users/aoitu/Documents/world蜈ｱ蜷碁幕逋ｺ/New Project
C:/Users/aoitu/Documents/world蜈ｱ蜷碁幕逋ｺ/New Project
[UnityMemory] Configuration Parameters - Can be set up in boot.config
    "memorysetup-bucket-allocator-granularity=16"
    "memorysetup-bucket-allocator-bucket-count=8"
    "memorysetup-bucket-allocator-block-size=33554432"
    "memorysetup-bucket-allocator-block-count=8"
    "memorysetup-main-allocator-block-size=16777216"
    "memorysetup-thread-allocator-block-size=16777216"
    "memorysetup-gfx-main-allocator-block-size=16777216"
    "memorysetup-gfx-thread-allocator-block-size=16777216"
    "memorysetup-cache-allocator-block-size=4194304"
    "memorysetup-typetree-allocator-block-size=2097152"
    "memorysetup-profiler-bucket-allocator-granularity=16"
    "memorysetup-profiler-bucket-allocator-bucket-count=8"
    "memorysetup-profiler-bucket-allocator-block-size=33554432"
    "memorysetup-profiler-bucket-allocator-block-count=8"
    "memorysetup-profiler-allocator-block-size=16777216"
    "memorysetup-profiler-editor-allocator-block-size=1048576"
    "memorysetup-temp-allocator-size-main=16777216"
    "memorysetup-job-temp-allocator-block-size=2097152"
    "memorysetup-job-temp-allocator-block-size-background=1048576"
    "memorysetup-job-temp-allocator-reduction-small-platforms=262144"
    "memorysetup-allocator-temp-initial-block-size-main=262144"
    "memorysetup-allocator-temp-initial-block-size-worker=262144"
    "memorysetup-temp-allocator-size-background-worker=32768"
    "memorysetup-temp-allocator-size-job-worker=262144"
    "memorysetup-temp-allocator-size-preload-manager=33554432"
    "memorysetup-temp-allocator-size-nav-mesh-worker=65536"
    "memorysetup-temp-allocator-size-audio-worker=65536"
    "memorysetup-temp-allocator-size-cloud-worker=32768"
    "memorysetup-temp-allocator-size-gi-baking-worker=262144"
    "memorysetup-temp-allocator-size-gfx=262144"
Player connection [14056] Host "[IP] 192.168.3.101 [Port] 0 [Flags] 2 [Guid] 1658672867 [EditorId] 1658672867 [Version] 1048832 [Id] WindowsEditor(7,tsukitohonma) [Debug] 1 [PackageName] WindowsEditor [ProjectName] Editor" joined multi-casting on [225.0.0.222:54997]...

Player connection [14056] Host "[IP] 192.168.3.101 [Port] 0 [Flags] 2 [Guid] 1658672867 [EditorId] 1658672867 [Version] 1048832 [Id] WindowsEditor(7,tsukitohonma) [Debug] 1 [PackageName] WindowsEditor [ProjectName] Editor" joined alternative multi-casting on [225.0.0.222:34997]...

[Physics::Module] Initialized MultithreadedJobDispatcher with 11 workers.
Refreshing native plugins compatible for Editor in 53.42 ms, found 6 plugins.
Preloading 2 native plugins for Editor in 1.85 ms.
Initialize engine version: 2022.3.22f1 (887be4894c44)
[Subsystems] Discovering subsystems at path D:/2022.3.22f1/Editor/Data/Resources/UnitySubsystems
[Subsystems] Discovering subsystems at path C:/Users/aoitu/Documents/world蜈ｱ蜷碁幕逋ｺ/New Project/Assets
GfxDevice: creating device client; threaded=0; jobified=0
Direct3D:
    Version:  Direct3D 11.0 [level 11.1]
    Renderer: NVIDIA GeForce RTX 4060 Ti (ID=0x2803)
    Vendor:   NVIDIA
    VRAM:     7949 MB
    Driver:   31.0.15.5161
Initialize mono
Mono path[0] = 'D:/2022.3.22f1/Editor/Data/Managed'
Mono path[1] = 'D:/2022.3.22f1/Editor/Data/MonoBleedingEdge/lib/mono/unityjit-win32'
Mono config path = 'D:/2022.3.22f1/Editor/Data/MonoBleedingEdge/etc'
Using monoOptions --debugger-agent=transport=dt_socket,embedding=1,server=y,suspend=n,address=127.0.0.1:56120
Begin MonoManager ReloadAssembly
Registering precompiled unity dll's ...
Register platform support module: D:/2022.3.22f1/Editor/Data/PlaybackEngines/AndroidPlayer/UnityEditor.Android.Extensions.dll
Register platform support module: D:/2022.3.22f1/Editor/Data/PlaybackEngines/WindowsStandaloneSupport/UnityEditor.WindowsStandalone.Extensions.dll
Registered in 0.004597 seconds.
- Loaded All Assemblies, in  0.378 seconds
Native extension for WindowsStandalone target not found
Native extension for Android target not found
Android Extension - Scanning For ADB Devices 289 ms
Mono: successfully reloaded assembly
- Finished resetting the current domain, in  0.616 seconds
Domain Reload Profiling: 994ms
	BeginReloadAssembly (131ms)
		ExecutionOrderSort (0ms)
		DisableScriptedObjects (0ms)
		BackupInstance (0ms)
		ReleaseScriptingObjects (0ms)
		CreateAndSetChildDomain (1ms)
	RebuildCommonClasses (35ms)
	RebuildNativeTypeToScriptingClass (10ms)
	initialDomainReloadingComplete (48ms)
	LoadAllAssembliesAndSetupDomain (153ms)
		LoadAssemblies (130ms)
		RebuildTransferFunctionScriptingTraits (0ms)
		AnalyzeDomain (151ms)
			TypeCache.Refresh (149ms)
				TypeCache.ScanAssembly (137ms)
			ScanForSourceGeneratedMonoScriptInfo (0ms)
			ResolveRequiredComponents (0ms)
	FinalizeReload (617ms)
		ReleaseScriptCaches (0ms)
		RebuildScriptCaches (0ms)
		SetupLoadedEditorAssemblies (561ms)
			LogAssemblyErrors (0ms)
			InitializePlatformSupportModulesInManaged (394ms)
			SetLoadedEditorAssemblies (4ms)
			RefreshPlugins (0ms)
			BeforeProcessingInitializeOnLoad (2ms)
			ProcessInitializeOnLoadAttributes (116ms)
			ProcessInitializeOnLoadMethodAttributes (45ms)
			AfterProcessingInitializeOnLoad (0ms)
			EditorAssembliesLoaded (0ms)
		ExecutionOrderSort2 (0ms)
		AwakeInstancesAfterBackupRestoration (0ms)
========================================================================
Worker process is ready to serve import requests
Begin MonoManager ReloadAssembly
- Loaded All Assemblies, in  1.014 seconds
Refreshing native plugins compatible for Editor in 24.20 ms, found 6 plugins.
Native extension for WindowsStandalone target not found
Native extension for Android target not found
Package Manager log level set to [2]
[Package Manager] Server::EnsureServerProcessIsRunning -- launch failed, reason: Unity was launched with the -noUpm command-line argument
[Package Manager] UpmClient::Send -- Unable to send message (not connected to UPM process).
[Package Manager] Cannot connect to Unity Package Manager local server
System.ArgumentNullException: Value cannot be null.
Parameter name: path
  at System.IO.Directory.CreateDirectory (System.String path) [0x00003] in <27124aa0e30a41659b903b822b959bc7>:0 
  at VRC.SDKBase.Editor.VRCPackageSettings.EnsurePathExists () [0x0000b] in .\Packages\com.vrchat.base\Editor\VRCSDK\Dependencies\VRChat\VRCPackageSettings.cs:45 
  at VRC.SDKBase.Editor.VRCPackageSettings.Load () [0x00000] in .\Packages\com.vrchat.base\Editor\VRCSDK\Dependencies\VRChat\VRCPackageSettings.cs:50 
  at VRC.SDKBase.Editor.VRCPackageSettings.Create () [0x00005] in .\Packages\com.vrchat.base\Editor\VRCSDK\Dependencies\VRChat\VRCPackageSettings.cs:19 
  at VRC.SDKBase.Editor.SampleHintCreator..cctor () [0x00007] in .\Packages\com.vrchat.base\Editor\VRCSDK\SampleHintCreator.cs:18 
UnityEngine.StackTraceUtility:ExtractStackTrace ()
UnityEngine.DebugLogHandler:LogFormat (UnityEngine.LogType,UnityEngine.Object,string,object[])
UnityEngine.Logger:Log (UnityEngine.LogType,object)
UnityEngine.Debug:LogError (object)
UnityEditor.EditorAssemblies:ProcessInitializeOnLoadAttributes (System.Type[])

System.Reflection.TargetInvocationException: Exception has been thrown by the target of an invocation. ---> System.NullReferenceException: Object reference not set to an instance of an object
  at Unity.XR.Oculus.OculusLoader.AssetPathToAbsolutePath (System.String assetPath) [0x00040] in .\Library\PackageCache\com.unity.xr.oculus@4.2.0\Runtime\OculusLoader.cs:298 
  at Unity.XR.Oculus.OculusLoader.EditorLoadOVRPlugin () [0x0008c] in .\Library\PackageCache\com.unity.xr.oculus@4.2.0\Runtime\OculusLoader.cs:283 
  at (wrapper managed-to-native) System.Reflection.RuntimeMethodInfo.InternalInvoke(System.Reflection.RuntimeMethodInfo,object,object[],System.Exception&)
  at System.Reflection.RuntimeMethodInfo.Invoke (System.Object obj, System.Reflection.BindingFlags invokeAttr, System.Reflection.Binder binder, System.Object[] parameters, System.Globalization.CultureInfo culture) [0x0006a] in <27124aa0e30a41659b903b822b959bc7>:0 
   --- End of inner exception stack trace ---
  at System.Reflection.RuntimeMethodInfo.Invoke (System.Object obj, System.Reflection.BindingFlags invokeAttr, System.Reflection.Binder binder, System.Object[] parameters, System.Globalization.CultureInfo culture) [0x00083] in <27124aa0e30a41659b903b822b959bc7>:0 
  at System.Reflection.MethodBase.Invoke (System.Object obj, System.Object[] parameters) [0x00000] in <27124aa0e30a41659b903b822b959bc7>:0 
  at UnityEditor.EditorAssemblies.ProcessInitializeOnLoadMethodAttributes () [0x000a5] in <80a8ce1980c648dca8e68f0d8aa3b930>:0 
UnityEngine.StackTraceUtility:ExtractStackTrace ()
UnityEngine.DebugLogHandler:LogFormat (UnityEngine.LogType,UnityEngine.Object,string,object[])
UnityEngine.Logger:Log (UnityEngine.LogType,object)
UnityEngine.Debug:LogError (object)
UnityEditor.EditorAssemblies:ProcessInitializeOnLoadMethodAttributes ()

Mono: successfully reloaded assembly
[Package Manager] Server::EnsureServerProcessIsRunning -- launch failed, reason: Unity was launched with the -noUpm command-line argument
[Package Manager] UpmClient::Send -- Unable to send message (not connected to UPM process).
[Package Manager] Cannot connect to Unity Package Manager local server
[Package Manager] Server::EnsureServerProcessIsRunning -- launch failed, reason: Unity was launched with the -noUpm command-line argument
[Package Manager] UpmClient::Send -- Unable to send message (not connected to UPM process).
[Package Manager] Cannot connect to Unity Package Manager local server
- Finished resetting the current domain, in  2.409 seconds
Domain Reload Profiling: 3419ms
	BeginReloadAssembly (167ms)
		ExecutionOrderSort (0ms)
		DisableScriptedObjects (5ms)
		BackupInstance (0ms)
		ReleaseScriptingObjects (0ms)
		CreateAndSetChildDomain (21ms)
	RebuildCommonClasses (34ms)
	RebuildNativeTypeToScriptingClass (10ms)
	initialDomainReloadingComplete (50ms)
	LoadAllAssembliesAndSetupDomain (747ms)
		LoadAssemblies (522ms)
		RebuildTransferFunctionScriptingTraits (0ms)
		AnalyzeDomain (337ms)
			TypeCache.Refresh (301ms)
				TypeCache.ScanAssembly (273ms)
			ScanForSourceGeneratedMonoScriptInfo (21ms)
			ResolveRequiredComponents (11ms)
	FinalizeReload (2409ms)
		ReleaseScriptCaches (0ms)
		RebuildScriptCaches (0ms)
		SetupLoadedEditorAssemblies (1284ms)
			LogAssemblyErrors (0ms)
			InitializePlatformSupportModulesInManaged (22ms)
			SetLoadedEditorAssemblies (6ms)
			RefreshPlugins (0ms)
			BeforeProcessingInitializeOnLoad (74ms)
			ProcessInitializeOnLoadAttributes (676ms)
			ProcessInitializeOnLoadMethodAttributes (503ms)
			AfterProcessingInitializeOnLoad (2ms)
			EditorAssembliesLoaded (0ms)
		ExecutionOrderSort2 (0ms)
		AwakeInstancesAfterBackupRestoration (7ms)
Launched and connected shader compiler UnityShaderCompiler.exe after 0.07 seconds
Refreshing native plugins compatible for Editor in 36.30 ms, found 6 plugins.
Preloading 2 native plugins for Editor in 0.22 ms.
Unloading 3318 Unused Serialized files (Serialized files now loaded: 0)
Unloading 140 unused Assets / (1.9 MB). Loaded Objects now: 3836.
Memory consumption went from 155.2 MB to 153.3 MB.
Total: 9.970800 ms (FindLiveObjects: 0.342000 ms CreateObjectMapping: 0.098700 ms MarkObjects: 8.840100 ms  DeleteObjects: 0.688300 ms)

AssetImportParameters requested are different than current active one (requested -> active):
  custom:container-demuxer-ogg: 62fdf1f143b41e24485cea50d1cbac27 -> 
  custom:video-codec-MediaFoundation-h265: 746d11721c4dcdbdad8f713fa42b33f4 -> 
  custom:video-decoder-ogg-theora: a1e56fd34408186e4bbccfd4996cb3dc -> 
  custom:framework-win-MediaFoundation: 216162199b28c13a410421893ffa2e32 -> 
  custom:CustomObjectIndexerAttribute: 9a22284fe3817be447336de3de66b15e -> 
  custom:container-demuxer-webm: 4f35f7cbe854078d1ac9338744f61a02 -> 
  custom:container-muxer-webm: aa71ff27fc2769a1b78a27578f13a17b -> 
  custom:video-decoder-webm-vp8: 9c59270c3fd7afecdb556c50c9e8de78 -> 
  custom:SearchIndexIgnoredProperties: e643bd26f0fe6173181afceb89e7c659 -> 
  custom:AudioImporter_EditorPlatform: d09bf68614088b80899f8185d706f6e7 -> 
  custom:video-encoder-webm-vp8: eb34c28f22e8b96e1ab97ce403110664 -> 
  custom:audio-decoder-ogg-vorbis: bf7c407c2cedff20999df2af8eb42d56 -> 
  custom:audio-encoder-webm-vorbis: bf7c407c2cedff20999df2af8eb42d56 -> 
========================================================================
Received Import Request.
  Time since last request: 9187.168548 seconds.
  path: Assets/SerializedUdonPrograms/49ba99e73d9ab4349871a10f182ee457.asset
  artifactKey: Guid(4ccdab57264ef8948899470db04b2e18) Importer(2089858483,0ecaa5967403d082aa24f35e1b516d23)
Start importing Assets/SerializedUdonPrograms/49ba99e73d9ab4349871a10f182ee457.asset using Guid(4ccdab57264ef8948899470db04b2e18) Importer(2089858483,0ecaa5967403d082aa24f35e1b516d23)  -> (artifact id: '7ae497429c352de7f095c1526946958b') in 0.163719 seconds
Number of updated asset objects reloaded before import = 0
Number of asset objects unloaded after import = 1
========================================================================
Received Import Request.
  Time since last request: 0.000037 seconds.
  path: Assets/UdonSharp/UtilityScripts/WorldAudioSettings.cs
  artifactKey: Guid(fdc09c11006c3474f91cfe7e809c9b96) Importer(2089858483,0ecaa5967403d082aa24f35e1b516d23)
Start importing Assets/UdonSharp/UtilityScripts/WorldAudioSettings.cs using Guid(fdc09c11006c3474f91cfe7e809c9b96) Importer(2089858483,0ecaa5967403d082aa24f35e1b516d23)  -> (artifact id: '91ed83b6a3b2eed52bd366959e594c33') in 0.047230 seconds
Number of updated asset objects reloaded before import = 0
Number of asset objects unloaded after import = 1
========================================================================
Received Import Request.
  Time since last request: 0.000026 seconds.
  path: Assets/SerializedUdonPrograms/dfcb9d6121fc4084e97b5303b0054618.asset
  artifactKey: Guid(e2f96bc11fd09334cb10d001783ac014) Importer(2089858483,0ecaa5967403d082aa24f35e1b516d23)
Start importing Assets/SerializedUdonPrograms/dfcb9d6121fc4084e97b5303b0054618.asset using Guid(e2f96bc11fd09334cb10d001783ac014) Importer(2089858483,0ecaa5967403d082aa24f35e1b516d23)  -> (artifact id: '52f62119362ab7f2845a485751ebc877') in 0.016602 seconds
Number of updated asset objects reloaded before import = 0
Number of asset objects unloaded after import = 1
========================================================================
Received Import Request.
  Time since last request: 0.000019 seconds.
  path: Assets/SerializedUdonPrograms/1f7e9fb643472ef4d83f2ad49fe34b18.asset
  artifactKey: Guid(a0cb8e3bc8b662f4f91f5d2fe43081b1) Importer(2089858483,0ecaa5967403d082aa24f35e1b516d23)
Start importing Assets/SerializedUdonPrograms/1f7e9fb643472ef4d83f2ad49fe34b18.asset using Guid(a0cb8e3bc8b662f4f91f5d2fe43081b1) Importer(2089858483,0ecaa5967403d082aa24f35e1b516d23)  -> (artifact id: '9b899149533208c51a2f1597981d1221') in 0.018926 seconds
Number of updated asset objects reloaded before import = 0
Number of asset objects unloaded after import = 1
========================================================================
Received Import Request.
  Time since last request: 0.000030 seconds.
  path: Assets/SerializedUdonPrograms/8175c20f542fbaf40811f752bfbf8759.asset
  artifactKey: Guid(997a53f3b89b245458e671c787775982) Importer(2089858483,0ecaa5967403d082aa24f35e1b516d23)
Start importing Assets/SerializedUdonPrograms/8175c20f542fbaf40811f752bfbf8759.asset using Guid(997a53f3b89b245458e671c787775982) Importer(2089858483,0ecaa5967403d082aa24f35e1b516d23)  -> (artifact id: 'edf389a408948ad2c8d07ca4e4bf32f7') in 0.016961 seconds
Number of updated asset objects reloaded before import = 0
Number of asset objects unloaded after import = 1
========================================================================
Received Import Request.
  Time since last request: 0.000023 seconds.
  path: Assets/Scenes/VRCDefaultWorldScene.unity
  artifactKey: Guid(5d79d8d9935ba10419091f59e2d7429c) Importer(2089858483,0ecaa5967403d082aa24f35e1b516d23)
Start importing Assets/Scenes/VRCDefaultWorldScene.unity using Guid(5d79d8d9935ba10419091f59e2d7429c) Importer(2089858483,0ecaa5967403d082aa24f35e1b516d23)  -> (artifact id: '39614682f0283003c0d210892a62edba') in 0.017126 seconds
Number of updated asset objects reloaded before import = 0
Number of asset objects unloaded after import = 1
========================================================================
Received Import Request.
  Time since last request: 0.000045 seconds.
  path: Assets/SerializedUdonPrograms/980a7697571ae1540827c8b930f79790.asset
  artifactKey: Guid(407ef8bdb67753e4bb43320a1a7299bf) Importer(2089858483,0ecaa5967403d082aa24f35e1b516d23)
Start importing Assets/SerializedUdonPrograms/980a7697571ae1540827c8b930f79790.asset using Guid(407ef8bdb67753e4bb43320a1a7299bf) Importer(2089858483,0ecaa5967403d082aa24f35e1b516d23)  -> (artifact id: '4dc72fe1283f3ddc7035f921cb6d73d4') in 0.020623 seconds
Number of updated asset objects reloaded before import = 0
Number of asset objects unloaded after import = 1
========================================================================
Received Import Request.
  Time since last request: 0.000030 seconds.
  path: Assets/Scenes/VRCDefaultWorldScene/SampleAssets_matte.mat
  artifactKey: Guid(0d138f0980da8ad46ab8f9c3ebf8489f) Importer(2089858483,0ecaa5967403d082aa24f35e1b516d23)
Start importing Assets/Scenes/VRCDefaultWorldScene/SampleAssets_matte.mat using Guid(0d138f0980da8ad46ab8f9c3ebf8489f) Importer(2089858483,0ecaa5967403d082aa24f35e1b516d23)  -> (artifact id: 'bd5d1a7908236177ef3df33de47ff2bd') in 0.094664 seconds
Number of updated asset objects reloaded before import = 0
Number of asset objects unloaded after import = 4
========================================================================
Received Import Request.
  Time since last request: 0.000027 seconds.
  path: Assets/Scenes/VRCDefaultWorldScene/SampleAssetsSet_V1_phong1_MetallicSmoothness.png
  artifactKey: Guid(6142806b700ab6841b6f368de9fb5262) Importer(2089858483,0ecaa5967403d082aa24f35e1b516d23)
Start importing Assets/Scenes/VRCDefaultWorldScene/SampleAssetsSet_V1_phong1_MetallicSmoothness.png using Guid(6142806b700ab6841b6f368de9fb5262) Importer(2089858483,0ecaa5967403d082aa24f35e1b516d23)  -> (artifact id: '1920464816808694cebce41ca5fc6b3d') in 0.085091 seconds
Number of updated asset objects reloaded before import = 0
Number of asset objects unloaded after import = 1
========================================================================
Received Import Request.
  Time since last request: 0.000036 seconds.
  path: Assets/SerializedUdonPrograms/b35f97b1813cb064d852c92d1c5c1751.asset
  artifactKey: Guid(e392349fcb4726c43a52e586be5f59a5) Importer(2089858483,0ecaa5967403d082aa24f35e1b516d23)
Start importing Assets/SerializedUdonPrograms/b35f97b1813cb064d852c92d1c5c1751.asset using Guid(e392349fcb4726c43a52e586be5f59a5) Importer(2089858483,0ecaa5967403d082aa24f35e1b516d23)  -> (artifact id: 'cd9d42afeb66e0813ceb7e9b438eccc8') in 0.019507 seconds
Number of updated asset objects reloaded before import = 0
Number of asset objects unloaded after import = 1
========================================================================
Received Import Request.
  Time since last request: 0.000023 seconds.
  path: Assets/SerializedUdonPrograms/a7250c474046ad245ac64456f76800ca.asset
  artifactKey: Guid(499970d7168f40742950c2d7a5793840) Importer(2089858483,0ecaa5967403d082aa24f35e1b516d23)
Start importing Assets/SerializedUdonPrograms/a7250c474046ad245ac64456f76800ca.asset using Guid(499970d7168f40742950c2d7a5793840) Importer(2089858483,0ecaa5967403d082aa24f35e1b516d23)  -> (artifact id: 'e75553139e5089915d18e60ef742e564') in 0.016656 seconds
Number of updated asset objects reloaded before import = 0
Number of asset objects unloaded after import = 1
========================================================================
Received Import Request.
  Time since last request: 0.000028 seconds.
  path: Assets/UdonSharp/UtilityScripts/PlayerModSetter.asset
  artifactKey: Guid(667c46fd2864a124ea921d98d4914fe5) Importer(2089858483,0ecaa5967403d082aa24f35e1b516d23)
Start importing Assets/UdonSharp/UtilityScripts/PlayerModSetter.asset using Guid(667c46fd2864a124ea921d98d4914fe5) Importer(2089858483,0ecaa5967403d082aa24f35e1b516d23)  -> (artifact id: '21a7faac118870c78f4ddcd45d83d406') in 0.051365 seconds
Number of updated asset objects reloaded before import = 0
Number of asset objects unloaded after import = 1
========================================================================
Received Import Request.
  Time since last request: 0.000034 seconds.
  path: Assets/SerializedUdonPrograms/3d024fda64377514ab33fa3baefec378.asset
  artifactKey: Guid(90f33e9d39d5b3847a5a437b2c8ab231) Importer(2089858483,0ecaa5967403d082aa24f35e1b516d23)
Start importing Assets/SerializedUdonPrograms/3d024fda64377514ab33fa3baefec378.asset using Guid(90f33e9d39d5b3847a5a437b2c8ab231) Importer(2089858483,0ecaa5967403d082aa24f35e1b516d23)  -> (artifact id: 'aa83124582d6f5f02c4a1adea5cf4238') in 0.021558 seconds
Number of updated asset objects reloaded before import = 0
Number of asset objects unloaded after import = 1
========================================================================
Received Import Request.
  Time since last request: 0.000024 seconds.
  path: Assets/SerializedUdonPrograms/5463afdb73b505649b857341d262468a.asset
  artifactKey: Guid(9b6b45a53eec7cd449a263a8a33be418) Importer(2089858483,0ecaa5967403d082aa24f35e1b516d23)
Start importing Assets/SerializedUdonPrograms/5463afdb73b505649b857341d262468a.asset using Guid(9b6b45a53eec7cd449a263a8a33be418) Importer(2089858483,0ecaa5967403d082aa24f35e1b516d23)  -> (artifact id: '21a00501056fc42b4998073e27130e13') in 0.015300 seconds
Number of updated asset objects reloaded before import = 0
Number of asset objects unloaded after import = 1
========================================================================
Received Import Request.
  Time since last request: 0.000020 seconds.
  path: Assets/SerializedUdonPrograms/33324f447d661da40b534c9fa93c0ec2.asset
  artifactKey: Guid(1930528cd88360c4d8ee48a966d0dcfc) Importer(2089858483,0ecaa5967403d082aa24f35e1b516d23)
Start importing Assets/SerializedUdonPrograms/33324f447d661da40b534c9fa93c0ec2.asset using Guid(1930528cd88360c4d8ee48a966d0dcfc) Importer(2089858483,0ecaa5967403d082aa24f35e1b516d23)  -> (artifact id: '2882a3a289a6e24c48b0b0fe77a98365') in 0.017832 seconds
Number of updated asset objects reloaded before import = 0
Number of asset objects unloaded after import = 1
========================================================================
Received Import Request.
  Time since last request: 0.000165 seconds.
  path: Assets/UdonSharp/UtilityScripts/Synced/GlobalToggleObject.cs
  artifactKey: Guid(a3d8ddeb56f3a0c4daf49fe9d7447a3e) Importer(2089858483,0ecaa5967403d082aa24f35e1b516d23)
Start importing Assets/UdonSharp/UtilityScripts/Synced/GlobalToggleObject.cs using Guid(a3d8ddeb56f3a0c4daf49fe9d7447a3e) Importer(2089858483,0ecaa5967403d082aa24f35e1b516d23)  -> (artifact id: 'c028f9c2aa073cf5aba700ae0213e84f') in 0.016665 seconds
Number of updated asset objects reloaded before import = 0
Number of asset objects unloaded after import = 1
========================================================================
Received Import Request.
  Time since last request: 0.000024 seconds.
  path: Assets/UdonSharp/UtilityScripts/Synced/MasterToggleObject.asset
  artifactKey: Guid(a3b924aa5d416d94c86ddd019ccb8441) Importer(2089858483,0ecaa5967403d082aa24f35e1b516d23)
Start importing Assets/UdonSharp/UtilityScripts/Synced/MasterToggleObject.asset using Guid(a3b924aa5d416d94c86ddd019ccb8441) Importer(2089858483,0ecaa5967403d082aa24f35e1b516d23)  -> (artifact id: '0dc7c76e3254377b99d25b14dda6e0ff') in 0.019380 seconds
Number of updated asset objects reloaded before import = 0
Number of asset objects unloaded after import = 1
========================================================================
Received Import Request.
  Time since last request: 0.000029 seconds.
  path: Assets/SerializedUdonPrograms/667c46fd2864a124ea921d98d4914fe5.asset
  artifactKey: Guid(cb6316e97e9d16c46a14cdc4f3128245) Importer(2089858483,0ecaa5967403d082aa24f35e1b516d23)
Start importing Assets/SerializedUdonPrograms/667c46fd2864a124ea921d98d4914fe5.asset using Guid(cb6316e97e9d16c46a14cdc4f3128245) Importer(2089858483,0ecaa5967403d082aa24f35e1b516d23)  -> (artifact id: '6626be77b5e891b5e407a75958563772') in 0.016756 seconds
Number of updated asset objects reloaded before import = 0
Number of asset objects unloaded after import = 1
========================================================================
Received Import Request.
  Time since last request: 0.000027 seconds.
  path: Assets/UdonSharp/UtilityScripts/TrackingDataFollower.cs
  artifactKey: Guid(cfa6b6afca5fc44419a259edec93cea2) Importer(2089858483,0ecaa5967403d082aa24f35e1b516d23)
Start importing Assets/UdonSharp/UtilityScripts/TrackingDataFollower.cs using Guid(cfa6b6afca5fc44419a259edec93cea2) Importer(2089858483,0ecaa5967403d082aa24f35e1b516d23)  -> (artifact id: '56ac190db859836963b3b1f99fecf85a') in 0.020112 seconds
Number of updated asset objects reloaded before import = 0
Number of asset objects unloaded after import = 1
========================================================================
Received Import Request.
  Time since last request: 0.000041 seconds.
  path: Assets/UdonSharp/UtilityScripts/TrackingDataFollower.asset
  artifactKey: Guid(5463afdb73b505649b857341d262468a) Importer(2089858483,0ecaa5967403d082aa24f35e1b516d23)
Start importing Assets/UdonSharp/UtilityScripts/TrackingDataFollower.asset using Guid(5463afdb73b505649b857341d262468a) Importer(2089858483,0ecaa5967403d082aa24f35e1b516d23)  -> (artifact id: '1b19373bdfbe8ef960c0b58bafde6572') in 0.025632 seconds
Number of updated asset objects reloaded before import = 0
Number of asset objects unloaded after import = 1
Editor requested this worker to shutdown with reason: Scaling down because of idle timeout
TcpMessagingSession - receive error: operation aborted. errorcode: 995, details: スレッドの終了またはアプリケーションの要求によって、I/O 処理は中止されました。
AssetImportWorker is now disconnected from the server
Process exiting
Exiting without the bug reporter. Application will terminate with return code 0