Using pre-set license
Built from '2022.3/staging' branch; Version is '2022.3.22f1 (887be4894c44) revision 8944612'; Using compiler version '192829333'; Build Type 'Release'
OS: 'Windows 11  (10.0.26100) 64bit Core' Language: 'ja' Physical Memory: 32643 MB
BatchMode: 1, IsHumanControllingUs: 0, StartBugReporterOnCrash: 0, Is64bit: 1, IsPro: 1

COMMAND LINE ARGUMENTS:
D:\2022.3.22f1\Editor\Unity.exe
-adb2
-batchMode
-noUpm
-name
AssetImportWorker0
-projectPath
C:/Users/aoitu/Documents/world共同開発/New Project
-logFile
Logs/AssetImportWorker0.log
-srvPort
63715
Successfully changed project path to: C:/Users/aoitu/Documents/world共同開発/New Project
C:/Users/aoitu/Documents/world共同開発/New Project
[UnityMemory] Configuration Parameters - Can be set up in boot.config
    "memorysetup-bucket-allocator-granularity=16"
    "memorysetup-bucket-allocator-bucket-count=8"
    "memorysetup-bucket-allocator-block-size=33554432"
    "memorysetup-bucket-allocator-block-count=8"
    "memorysetup-main-allocator-block-size=16777216"
    "memorysetup-thread-allocator-block-size=16777216"
    "memorysetup-gfx-main-allocator-block-size=16777216"
    "memorysetup-gfx-thread-allocator-block-size=16777216"
    "memorysetup-cache-allocator-block-size=4194304"
    "memorysetup-typetree-allocator-block-size=2097152"
    "memorysetup-profiler-bucket-allocator-granularity=16"
    "memorysetup-profiler-bucket-allocator-bucket-count=8"
    "memorysetup-profiler-bucket-allocator-block-size=33554432"
    "memorysetup-profiler-bucket-allocator-block-count=8"
    "memorysetup-profiler-allocator-block-size=16777216"
    "memorysetup-profiler-editor-allocator-block-size=1048576"
    "memorysetup-temp-allocator-size-main=16777216"
    "memorysetup-job-temp-allocator-block-size=2097152"
    "memorysetup-job-temp-allocator-block-size-background=1048576"
    "memorysetup-job-temp-allocator-reduction-small-platforms=262144"
    "memorysetup-allocator-temp-initial-block-size-main=262144"
    "memorysetup-allocator-temp-initial-block-size-worker=262144"
    "memorysetup-temp-allocator-size-background-worker=32768"
    "memorysetup-temp-allocator-size-job-worker=262144"
    "memorysetup-temp-allocator-size-preload-manager=33554432"
    "memorysetup-temp-allocator-size-nav-mesh-worker=65536"
    "memorysetup-temp-allocator-size-audio-worker=65536"
    "memorysetup-temp-allocator-size-cloud-worker=32768"
    "memorysetup-temp-allocator-size-gi-baking-worker=262144"
    "memorysetup-temp-allocator-size-gfx=262144"
Player connection [19964] Host "[IP] 192.168.3.101 [Port] 0 [Flags] 2 [Guid] 1669312519 [EditorId] 1669312519 [Version] 1048832 [Id] WindowsEditor(7,tsukitohonma) [Debug] 1 [PackageName] WindowsEditor [ProjectName] Editor" joined multi-casting on [225.0.0.222:54997]...

Player connection [19964] Host "[IP] 192.168.3.101 [Port] 0 [Flags] 2 [Guid] 1669312519 [EditorId] 1669312519 [Version] 1048832 [Id] WindowsEditor(7,tsukitohonma) [Debug] 1 [PackageName] WindowsEditor [ProjectName] Editor" joined alternative multi-casting on [225.0.0.222:34997]...

[Physics::Module] Initialized MultithreadedJobDispatcher with 11 workers.
Refreshing native plugins compatible for Editor in 54.23 ms, found 6 plugins.
Preloading 2 native plugins for Editor in 1.76 ms.
Initialize engine version: 2022.3.22f1 (887be4894c44)
[Subsystems] Discovering subsystems at path D:/2022.3.22f1/Editor/Data/Resources/UnitySubsystems
[Subsystems] Discovering subsystems at path C:/Users/aoitu/Documents/world共同開発/New Project/Assets
GfxDevice: creating device client; threaded=0; jobified=0
Direct3D:
    Version:  Direct3D 11.0 [level 11.1]
    Renderer: NVIDIA GeForce RTX 4060 Ti (ID=0x2803)
    Vendor:   NVIDIA
    VRAM:     7949 MB
    Driver:   31.0.15.5161
Initialize mono
Mono path[0] = 'D:/2022.3.22f1/Editor/Data/Managed'
Mono path[1] = 'D:/2022.3.22f1/Editor/Data/MonoBleedingEdge/lib/mono/unityjit-win32'
Mono config path = 'D:/2022.3.22f1/Editor/Data/MonoBleedingEdge/etc'
Using monoOptions --debugger-agent=transport=dt_socket,embedding=1,server=y,suspend=n,address=127.0.0.1:56896
Begin MonoManager ReloadAssembly
Registering precompiled unity dll's ...
Register platform support module: D:/2022.3.22f1/Editor/Data/PlaybackEngines/AndroidPlayer/UnityEditor.Android.Extensions.dll
Register platform support module: D:/2022.3.22f1/Editor/Data/PlaybackEngines/WindowsStandaloneSupport/UnityEditor.WindowsStandalone.Extensions.dll
Registered in 0.004447 seconds.
- Loaded All Assemblies, in  0.377 seconds
Native extension for WindowsStandalone target not found
Native extension for Android target not found
Android Extension - Scanning For ADB Devices 273 ms
Mono: successfully reloaded assembly
- Finished resetting the current domain, in  0.609 seconds
Domain Reload Profiling: 986ms
	BeginReloadAssembly (128ms)
		ExecutionOrderSort (0ms)
		DisableScriptedObjects (0ms)
		BackupInstance (0ms)
		ReleaseScriptingObjects (0ms)
		CreateAndSetChildDomain (1ms)
	RebuildCommonClasses (38ms)
	RebuildNativeTypeToScriptingClass (11ms)
	initialDomainReloadingComplete (49ms)
	LoadAllAssembliesAndSetupDomain (151ms)
		LoadAssemblies (128ms)
		RebuildTransferFunctionScriptingTraits (0ms)
		AnalyzeDomain (148ms)
			TypeCache.Refresh (147ms)
				TypeCache.ScanAssembly (134ms)
			ScanForSourceGeneratedMonoScriptInfo (0ms)
			ResolveRequiredComponents (1ms)
	FinalizeReload (610ms)
		ReleaseScriptCaches (0ms)
		RebuildScriptCaches (0ms)
		SetupLoadedEditorAssemblies (553ms)
			LogAssemblyErrors (0ms)
			InitializePlatformSupportModulesInManaged (378ms)
			SetLoadedEditorAssemblies (3ms)
			RefreshPlugins (0ms)
			BeforeProcessingInitializeOnLoad (2ms)
			ProcessInitializeOnLoadAttributes (121ms)
			ProcessInitializeOnLoadMethodAttributes (48ms)
			AfterProcessingInitializeOnLoad (0ms)
			EditorAssembliesLoaded (0ms)
		ExecutionOrderSort2 (0ms)
		AwakeInstancesAfterBackupRestoration (0ms)
========================================================================
Worker process is ready to serve import requests
Begin MonoManager ReloadAssembly
- Loaded All Assemblies, in  1.000 seconds
Refreshing native plugins compatible for Editor in 24.48 ms, found 6 plugins.
Native extension for WindowsStandalone target not found
Native extension for Android target not found
Package Manager log level set to [2]
[Package Manager] Server::EnsureServerProcessIsRunning -- launch failed, reason: Unity was launched with the -noUpm command-line argument
[Package Manager] UpmClient::Send -- Unable to send message (not connected to UPM process).
[Package Manager] Cannot connect to Unity Package Manager local server
System.ArgumentNullException: Value cannot be null.
Parameter name: path
  at System.IO.Directory.CreateDirectory (System.String path) [0x00003] in <27124aa0e30a41659b903b822b959bc7>:0 
  at VRC.SDKBase.Editor.VRCPackageSettings.EnsurePathExists () [0x0000b] in .\Packages\com.vrchat.base\Editor\VRCSDK\Dependencies\VRChat\VRCPackageSettings.cs:45 
  at VRC.SDKBase.Editor.VRCPackageSettings.Load () [0x00000] in .\Packages\com.vrchat.base\Editor\VRCSDK\Dependencies\VRChat\VRCPackageSettings.cs:50 
  at VRC.SDKBase.Editor.VRCPackageSettings.Create () [0x00005] in .\Packages\com.vrchat.base\Editor\VRCSDK\Dependencies\VRChat\VRCPackageSettings.cs:19 
  at VRC.SDKBase.Editor.SampleHintCreator..cctor () [0x00007] in .\Packages\com.vrchat.base\Editor\VRCSDK\SampleHintCreator.cs:18 
UnityEngine.StackTraceUtility:ExtractStackTrace ()
UnityEngine.DebugLogHandler:LogFormat (UnityEngine.LogType,UnityEngine.Object,string,object[])
UnityEngine.Logger:Log (UnityEngine.LogType,object)
UnityEngine.Debug:LogError (object)
UnityEditor.EditorAssemblies:ProcessInitializeOnLoadAttributes (System.Type[])

System.Reflection.TargetInvocationException: Exception has been thrown by the target of an invocation. ---> System.NullReferenceException: Object reference not set to an instance of an object
  at Unity.XR.Oculus.OculusLoader.AssetPathToAbsolutePath (System.String assetPath) [0x00040] in .\Library\PackageCache\com.unity.xr.oculus@4.2.0\Runtime\OculusLoader.cs:298 
  at Unity.XR.Oculus.OculusLoader.EditorLoadOVRPlugin () [0x0008c] in .\Library\PackageCache\com.unity.xr.oculus@4.2.0\Runtime\OculusLoader.cs:283 
  at (wrapper managed-to-native) System.Reflection.RuntimeMethodInfo.InternalInvoke(System.Reflection.RuntimeMethodInfo,object,object[],System.Exception&)
  at System.Reflection.RuntimeMethodInfo.Invoke (System.Object obj, System.Reflection.BindingFlags invokeAttr, System.Reflection.Binder binder, System.Object[] parameters, System.Globalization.CultureInfo culture) [0x0006a] in <27124aa0e30a41659b903b822b959bc7>:0 
   --- End of inner exception stack trace ---
  at System.Reflection.RuntimeMethodInfo.Invoke (System.Object obj, System.Reflection.BindingFlags invokeAttr, System.Reflection.Binder binder, System.Object[] parameters, System.Globalization.CultureInfo culture) [0x00083] in <27124aa0e30a41659b903b822b959bc7>:0 
  at System.Reflection.MethodBase.Invoke (System.Object obj, System.Object[] parameters) [0x00000] in <27124aa0e30a41659b903b822b959bc7>:0 
  at UnityEditor.EditorAssemblies.ProcessInitializeOnLoadMethodAttributes () [0x000a5] in <80a8ce1980c648dca8e68f0d8aa3b930>:0 
UnityEngine.StackTraceUtility:ExtractStackTrace ()
UnityEngine.DebugLogHandler:LogFormat (UnityEngine.LogType,UnityEngine.Object,string,object[])
UnityEngine.Logger:Log (UnityEngine.LogType,object)
UnityEngine.Debug:LogError (object)
UnityEditor.EditorAssemblies:ProcessInitializeOnLoadMethodAttributes ()

Mono: successfully reloaded assembly
[Package Manager] Server::EnsureServerProcessIsRunning -- launch failed, reason: Unity was launched with the -noUpm command-line argument
[Package Manager] UpmClient::Send -- Unable to send message (not connected to UPM process).
[Package Manager] Cannot connect to Unity Package Manager local server
[Package Manager] Server::EnsureServerProcessIsRunning -- launch failed, reason: Unity was launched with the -noUpm command-line argument
[Package Manager] UpmClient::Send -- Unable to send message (not connected to UPM process).
[Package Manager] Cannot connect to Unity Package Manager local server
- Finished resetting the current domain, in  2.407 seconds
Domain Reload Profiling: 3403ms
	BeginReloadAssembly (170ms)
		ExecutionOrderSort (0ms)
		DisableScriptedObjects (5ms)
		BackupInstance (0ms)
		ReleaseScriptingObjects (0ms)
		CreateAndSetChildDomain (26ms)
	RebuildCommonClasses (43ms)
	RebuildNativeTypeToScriptingClass (11ms)
	initialDomainReloadingComplete (42ms)
	LoadAllAssembliesAndSetupDomain (729ms)
		LoadAssemblies (500ms)
		RebuildTransferFunctionScriptingTraits (0ms)
		AnalyzeDomain (334ms)
			TypeCache.Refresh (299ms)
				TypeCache.ScanAssembly (277ms)
			ScanForSourceGeneratedMonoScriptInfo (24ms)
			ResolveRequiredComponents (8ms)
	FinalizeReload (2408ms)
		ReleaseScriptCaches (0ms)
		RebuildScriptCaches (0ms)
		SetupLoadedEditorAssemblies (1321ms)
			LogAssemblyErrors (0ms)
			InitializePlatformSupportModulesInManaged (22ms)
			SetLoadedEditorAssemblies (6ms)
			RefreshPlugins (0ms)
			BeforeProcessingInitializeOnLoad (72ms)
			ProcessInitializeOnLoadAttributes (691ms)
			ProcessInitializeOnLoadMethodAttributes (528ms)
			AfterProcessingInitializeOnLoad (2ms)
			EditorAssembliesLoaded (0ms)
		ExecutionOrderSort2 (0ms)
		AwakeInstancesAfterBackupRestoration (9ms)
Launched and connected shader compiler UnityShaderCompiler.exe after 0.07 seconds
Refreshing native plugins compatible for Editor in 32.11 ms, found 6 plugins.
Preloading 2 native plugins for Editor in 0.25 ms.
Unloading 3318 Unused Serialized files (Serialized files now loaded: 0)
Unloading 140 unused Assets / (1.9 MB). Loaded Objects now: 3836.
Memory consumption went from 155.2 MB to 153.4 MB.
Total: 7.705600 ms (FindLiveObjects: 0.349900 ms CreateObjectMapping: 0.217700 ms MarkObjects: 6.504100 ms  DeleteObjects: 0.632100 ms)

AssetImportParameters requested are different than current active one (requested -> active):
  custom:container-demuxer-ogg: 62fdf1f143b41e24485cea50d1cbac27 -> 
  custom:video-codec-MediaFoundation-h265: 746d11721c4dcdbdad8f713fa42b33f4 -> 
  custom:video-decoder-ogg-theora: a1e56fd34408186e4bbccfd4996cb3dc -> 
  custom:framework-win-MediaFoundation: 216162199b28c13a410421893ffa2e32 -> 
  custom:CustomObjectIndexerAttribute: 9a22284fe3817be447336de3de66b15e -> 
  custom:container-demuxer-webm: 4f35f7cbe854078d1ac9338744f61a02 -> 
  custom:container-muxer-webm: aa71ff27fc2769a1b78a27578f13a17b -> 
  custom:video-decoder-webm-vp8: 9c59270c3fd7afecdb556c50c9e8de78 -> 
  custom:SearchIndexIgnoredProperties: e643bd26f0fe6173181afceb89e7c659 -> 
  custom:AudioImporter_EditorPlatform: d09bf68614088b80899f8185d706f6e7 -> 
  custom:video-encoder-webm-vp8: eb34c28f22e8b96e1ab97ce403110664 -> 
  custom:audio-decoder-ogg-vorbis: bf7c407c2cedff20999df2af8eb42d56 -> 
  custom:audio-encoder-webm-vorbis: bf7c407c2cedff20999df2af8eb42d56 -> 
========================================================================
Received Import Request.
  Time since last request: 9187.177571 seconds.
  path: Assets/SerializedUdonPrograms/da113172081f2ba40b9cc46674a846d0.asset
  artifactKey: Guid(5a4ab848ca9b6e34dbe2c85df4d1bf2f) Importer(2089858483,0ecaa5967403d082aa24f35e1b516d23)
Start importing Assets/SerializedUdonPrograms/da113172081f2ba40b9cc46674a846d0.asset using Guid(5a4ab848ca9b6e34dbe2c85df4d1bf2f) Importer(2089858483,0ecaa5967403d082aa24f35e1b516d23)  -> (artifact id: '729d6c322852d7ede319ab297d40268b') in 0.158879 seconds
Number of updated asset objects reloaded before import = 0
Number of asset objects unloaded after import = 1
========================================================================
Received Import Request.
  Time since last request: 0.000049 seconds.
  path: Assets/SerializedUdonPrograms/fa52d8b703fd906459112715b1ef1f3a.asset
  artifactKey: Guid(82cdbc0ae7ba2754fa06403e253983cc) Importer(2089858483,0ecaa5967403d082aa24f35e1b516d23)
Start importing Assets/SerializedUdonPrograms/fa52d8b703fd906459112715b1ef1f3a.asset using Guid(82cdbc0ae7ba2754fa06403e253983cc) Importer(2089858483,0ecaa5967403d082aa24f35e1b516d23)  -> (artifact id: '3809e1dc02c8ebc7dcc40a2ffbcc0923') in 0.031001 seconds
Number of updated asset objects reloaded before import = 0
Number of asset objects unloaded after import = 1
========================================================================
Received Import Request.
  Time since last request: 0.000025 seconds.
  path: Assets/SerializedUdonPrograms/9d916a2228b78c646aa46fe3ba85879d.asset
  artifactKey: Guid(242e9408f80a0ec4b8bba5887a652031) Importer(2089858483,0ecaa5967403d082aa24f35e1b516d23)
Start importing Assets/SerializedUdonPrograms/9d916a2228b78c646aa46fe3ba85879d.asset using Guid(242e9408f80a0ec4b8bba5887a652031) Importer(2089858483,0ecaa5967403d082aa24f35e1b516d23)  -> (artifact id: '9b9b2561110bdef5fd74a1b9402a8d91') in 0.017097 seconds
Number of updated asset objects reloaded before import = 0
Number of asset objects unloaded after import = 1
========================================================================
Received Import Request.
  Time since last request: 0.000024 seconds.
  path: Assets/SerializedUdonPrograms/68d999abd6627d04999b5bebe2438687.asset
  artifactKey: Guid(90764871b014adf42abfa5ae52d4aafa) Importer(2089858483,0ecaa5967403d082aa24f35e1b516d23)
Start importing Assets/SerializedUdonPrograms/68d999abd6627d04999b5bebe2438687.asset using Guid(90764871b014adf42abfa5ae52d4aafa) Importer(2089858483,0ecaa5967403d082aa24f35e1b516d23)  -> (artifact id: 'd0c6527f64bc26cd0058637f454fe869') in 0.016328 seconds
Number of updated asset objects reloaded before import = 0
Number of asset objects unloaded after import = 1
========================================================================
Received Import Request.
  Time since last request: 0.000030 seconds.
  path: Assets/SerializedUdonPrograms/18a8a73823b22934e929c67357a4e2d7.asset
  artifactKey: Guid(980c9e1b3135aa249a1e8e88ab69a538) Importer(2089858483,0ecaa5967403d082aa24f35e1b516d23)
Start importing Assets/SerializedUdonPrograms/18a8a73823b22934e929c67357a4e2d7.asset using Guid(980c9e1b3135aa249a1e8e88ab69a538) Importer(2089858483,0ecaa5967403d082aa24f35e1b516d23)  -> (artifact id: '6302aa0a73aa5ff7f9f45f23c7568a1f') in 0.016988 seconds
Number of updated asset objects reloaded before import = 0
Number of asset objects unloaded after import = 1
========================================================================
Received Import Request.
  Time since last request: 0.000027 seconds.
  path: Assets/SerializedUdonPrograms/1acedb947e4c9dc4d8f749557d611c1e.asset
  artifactKey: Guid(e9eb513832d51ea46ab08d263c87d11d) Importer(2089858483,0ecaa5967403d082aa24f35e1b516d23)
Start importing Assets/SerializedUdonPrograms/1acedb947e4c9dc4d8f749557d611c1e.asset using Guid(e9eb513832d51ea46ab08d263c87d11d) Importer(2089858483,0ecaa5967403d082aa24f35e1b516d23)  -> (artifact id: '5adc163b3993aacc43434ca7a0925b86') in 0.017141 seconds
Number of updated asset objects reloaded before import = 0
Number of asset objects unloaded after import = 1
========================================================================
Received Import Request.
  Time since last request: 0.000024 seconds.
  path: Assets/SerializedUdonPrograms/a3b924aa5d416d94c86ddd019ccb8441.asset
  artifactKey: Guid(70b7e21fde687b34cb7e50fe8d124d84) Importer(2089858483,0ecaa5967403d082aa24f35e1b516d23)
Start importing Assets/SerializedUdonPrograms/a3b924aa5d416d94c86ddd019ccb8441.asset using Guid(70b7e21fde687b34cb7e50fe8d124d84) Importer(2089858483,0ecaa5967403d082aa24f35e1b516d23)  -> (artifact id: '06349f06eee91fcacfef229d3634938a') in 0.016110 seconds
Number of updated asset objects reloaded before import = 0
Number of asset objects unloaded after import = 1
========================================================================
Received Import Request.
  Time since last request: 0.000027 seconds.
  path: Assets/UdonSharp/UtilityScripts/BoneFollower.asset
  artifactKey: Guid(33324f447d661da40b534c9fa93c0ec2) Importer(2089858483,0ecaa5967403d082aa24f35e1b516d23)
Start importing Assets/UdonSharp/UtilityScripts/BoneFollower.asset using Guid(33324f447d661da40b534c9fa93c0ec2) Importer(2089858483,0ecaa5967403d082aa24f35e1b516d23)  -> (artifact id: '8fb502c6aefaccf76f11b1084c2035cd') in 0.064524 seconds
Number of updated asset objects reloaded before import = 0
Number of asset objects unloaded after import = 1
========================================================================
Received Import Request.
  Time since last request: 0.000025 seconds.
  path: Assets/SerializedUdonPrograms/953e2e6278cc9314f9f2913d9bc25309.asset
  artifactKey: Guid(e6c96fbd968be0b49a9a2e159bd06775) Importer(2089858483,0ecaa5967403d082aa24f35e1b516d23)
Start importing Assets/SerializedUdonPrograms/953e2e6278cc9314f9f2913d9bc25309.asset using Guid(e6c96fbd968be0b49a9a2e159bd06775) Importer(2089858483,0ecaa5967403d082aa24f35e1b516d23)  -> (artifact id: 'e0579332a4f104685daa11a33d6d5518') in 0.018911 seconds
Number of updated asset objects reloaded before import = 0
Number of asset objects unloaded after import = 1
========================================================================
Received Import Request.
  Time since last request: 0.000031 seconds.
  path: Assets/XR/Settings/OculusSettings.asset
  artifactKey: Guid(b1d88fe84bed2434587e7d51453b9816) Importer(2089858483,0ecaa5967403d082aa24f35e1b516d23)
Start importing Assets/XR/Settings/OculusSettings.asset using Guid(b1d88fe84bed2434587e7d51453b9816) Importer(2089858483,0ecaa5967403d082aa24f35e1b516d23)  -> (artifact id: 'b1418e3c3013b91fec1a1af257f0c81e') in 0.034473 seconds
Number of updated asset objects reloaded before import = 0
Number of asset objects unloaded after import = 1
========================================================================
Received Import Request.
  Time since last request: 0.000043 seconds.
  path: Assets/UdonSharp/UdonSharpDataLocator.asset
  artifactKey: Guid(9df470d257e814549afbc3619bc0dc04) Importer(2089858483,0ecaa5967403d082aa24f35e1b516d23)
Start importing Assets/UdonSharp/UdonSharpDataLocator.asset using Guid(9df470d257e814549afbc3619bc0dc04) Importer(2089858483,0ecaa5967403d082aa24f35e1b516d23)  -> (artifact id: 'a842d69309b2046baceaa61b8ea586a8') in 0.016777 seconds
Number of updated asset objects reloaded before import = 0
Number of asset objects unloaded after import = 1
========================================================================
Received Import Request.
  Time since last request: 0.000028 seconds.
  path: Assets/SerializedUdonPrograms/acd8738ca64f5a9448dfb040d1f2e4d5.asset
  artifactKey: Guid(d1f06ae551a660145bd784501dcdbf1c) Importer(2089858483,0ecaa5967403d082aa24f35e1b516d23)
Start importing Assets/SerializedUdonPrograms/acd8738ca64f5a9448dfb040d1f2e4d5.asset using Guid(d1f06ae551a660145bd784501dcdbf1c) Importer(2089858483,0ecaa5967403d082aa24f35e1b516d23)  -> (artifact id: '35f6fbe986763dae0f7b32d778a7ca69') in 0.016986 seconds
Number of updated asset objects reloaded before import = 0
Number of asset objects unloaded after import = 1
========================================================================
Received Import Request.
  Time since last request: 0.000030 seconds.
  path: Assets/Scenes/VRCDefaultWorldScene/SKY_UdonLab.mat
  artifactKey: Guid(7b91fde1d96aa544f8782ef7717b0700) Importer(2089858483,0ecaa5967403d082aa24f35e1b516d23)
Start importing Assets/Scenes/VRCDefaultWorldScene/SKY_UdonLab.mat using Guid(7b91fde1d96aa544f8782ef7717b0700) Importer(2089858483,0ecaa5967403d082aa24f35e1b516d23)  -> (artifact id: '320303d9901855e168b61c059eb5fd6a') in 0.035747 seconds
Number of updated asset objects reloaded before import = 0
Number of asset objects unloaded after import = 1
========================================================================
Received Import Request.
  Time since last request: 0.000030 seconds.
  path: Assets/UdonSharp/UtilityScripts/InteractToggle.cs
  artifactKey: Guid(c145dd4792c31da4b83d542b11ca2b66) Importer(2089858483,0ecaa5967403d082aa24f35e1b516d23)
Start importing Assets/UdonSharp/UtilityScripts/InteractToggle.cs using Guid(c145dd4792c31da4b83d542b11ca2b66) Importer(2089858483,0ecaa5967403d082aa24f35e1b516d23)  -> (artifact id: '830e8375e7edb076e3833110dd3a1c15') in 0.023113 seconds
Number of updated asset objects reloaded before import = 0
Number of asset objects unloaded after import = 1
========================================================================
Received Import Request.
  Time since last request: 0.000030 seconds.
  path: Assets/UdonSharp/UtilityScripts/InteractToggle.asset
  artifactKey: Guid(75f3b7bb830f4324a8b2f49814f3493a) Importer(2089858483,0ecaa5967403d082aa24f35e1b516d23)
Start importing Assets/UdonSharp/UtilityScripts/InteractToggle.asset using Guid(75f3b7bb830f4324a8b2f49814f3493a) Importer(2089858483,0ecaa5967403d082aa24f35e1b516d23)  -> (artifact id: 'eef928aab9a70f7e09e82c84e0eafeba') in 0.019907 seconds
Number of updated asset objects reloaded before import = 0
Number of asset objects unloaded after import = 1
========================================================================
Received Import Request.
  Time since last request: 0.000028 seconds.
  path: Assets/SerializedUdonPrograms/b5280742086799a4c8c0a14e90cd913d.asset
  artifactKey: Guid(5d0cb79416546d340806ae0ca6f0612d) Importer(2089858483,0ecaa5967403d082aa24f35e1b516d23)
Start importing Assets/SerializedUdonPrograms/b5280742086799a4c8c0a14e90cd913d.asset using Guid(5d0cb79416546d340806ae0ca6f0612d) Importer(2089858483,0ecaa5967403d082aa24f35e1b516d23)  -> (artifact id: 'b43fa066491a2abaece4987b1ed59189') in 0.018066 seconds
Number of updated asset objects reloaded before import = 0
Number of asset objects unloaded after import = 1
========================================================================
Received Import Request.
  Time since last request: 0.000021 seconds.
  path: Assets/UdonSharp/UtilityScripts/ExampleUtilityTemplate.txt
  artifactKey: Guid(8b953b0aef25b204eb36afc5968f41b7) Importer(2089858483,0ecaa5967403d082aa24f35e1b516d23)
Start importing Assets/UdonSharp/UtilityScripts/ExampleUtilityTemplate.txt using Guid(8b953b0aef25b204eb36afc5968f41b7) Importer(2089858483,0ecaa5967403d082aa24f35e1b516d23)  -> (artifact id: '5e26196bb3f2d6d9a398fa5bf4da1089') in 0.019987 seconds
Number of updated asset objects reloaded before import = 0
Number of asset objects unloaded after import = 1
========================================================================
Received Import Request.
  Time since last request: 0.000025 seconds.
  path: Assets/Examples and Samples Have Moved.txt
  artifactKey: Guid(bc887a1342ede2e41b4da2fd68e797e0) Importer(2089858483,0ecaa5967403d082aa24f35e1b516d23)
Start importing Assets/Examples and Samples Have Moved.txt using Guid(bc887a1342ede2e41b4da2fd68e797e0) Importer(2089858483,0ecaa5967403d082aa24f35e1b516d23)  -> (artifact id: 'bffcfa7b0a6774576d4906d69dddc648') in 0.017517 seconds
Number of updated asset objects reloaded before import = 0
Number of asset objects unloaded after import = 1
========================================================================
Received Import Request.
  Time since last request: 0.000034 seconds.
  path: Assets/Scenes/VRCDefaultWorldScene/GridFloor_udon.mat
  artifactKey: Guid(26c161fc0b24cfd4ea32396928bc892c) Importer(2089858483,0ecaa5967403d082aa24f35e1b516d23)
Start importing Assets/Scenes/VRCDefaultWorldScene/GridFloor_udon.mat using Guid(26c161fc0b24cfd4ea32396928bc892c) Importer(2089858483,0ecaa5967403d082aa24f35e1b516d23)  -> (artifact id: '617479c7dbcf4fe974e570d3e1bc33ef') in 0.023685 seconds
Number of updated asset objects reloaded before import = 0
Number of asset objects unloaded after import = 2
========================================================================
Received Import Request.
  Time since last request: 0.000035 seconds.
  path: Assets/UdonSharp/UtilityScripts/PlayerModSetter.cs
  artifactKey: Guid(b8c59fc0a015dcc4b86d7e90312acf63) Importer(2089858483,0ecaa5967403d082aa24f35e1b516d23)
Start importing Assets/UdonSharp/UtilityScripts/PlayerModSetter.cs using Guid(b8c59fc0a015dcc4b86d7e90312acf63) Importer(2089858483,0ecaa5967403d082aa24f35e1b516d23)  -> (artifact id: '3c57fdbb7412df4de678605637609dd1') in 0.017642 seconds
Number of updated asset objects reloaded before import = 0
Number of asset objects unloaded after import = 1
========================================================================
Received Import Request.
  Time since last request: 0.000041 seconds.
  path: Assets/Scenes/VRCDefaultWorldScene/GridFloor_udon.png
  artifactKey: Guid(46f40534c8f2f6842a2f15b98db8db25) Importer(2089858483,0ecaa5967403d082aa24f35e1b516d23)
Start importing Assets/Scenes/VRCDefaultWorldScene/GridFloor_udon.png using Guid(46f40534c8f2f6842a2f15b98db8db25) Importer(2089858483,0ecaa5967403d082aa24f35e1b516d23)  -> (artifact id: '1fe9b3f84d158f3f8451914522a58edb') in 0.085842 seconds
Number of updated asset objects reloaded before import = 0
Number of asset objects unloaded after import = 1
========================================================================
Received Import Request.
  Time since last request: 0.000024 seconds.
  path: Assets/SerializedUdonPrograms/6657daa4973ee1249aae293810e8bccd.asset
  artifactKey: Guid(78f24747062966e4f84212b00ff8c6ff) Importer(2089858483,0ecaa5967403d082aa24f35e1b516d23)
Start importing Assets/SerializedUdonPrograms/6657daa4973ee1249aae293810e8bccd.asset using Guid(78f24747062966e4f84212b00ff8c6ff) Importer(2089858483,0ecaa5967403d082aa24f35e1b516d23)  -> (artifact id: '0d80c2b537b9be8fb8b814ccbd25f212') in 0.025571 seconds
Number of updated asset objects reloaded before import = 0
Number of asset objects unloaded after import = 1
